
2020-03-15 07:52:57.358  INFO 27928 --- [main] com.rush.RushApplication                 : Starting RushApplication on LAPTOP-LBL0B02E with PID 27928 (C:\Users\kirsa\Documents\workspace-sts-3.9.11.RELEASE\prj2-rush-d-java\Rush\target\classes started by kirsa in C:\Users\kirsa\Documents\workspace-sts-3.9.11.RELEASE\prj2-rush-d-java\Rush)
2020-03-15 07:52:57.361  INFO 27928 --- [main] com.rush.RushApplication                 : No active profile set, falling back to default profiles: default
2020-03-15 07:52:58.646  INFO 27928 --- [main] .s.d.r.c.RepositoryConfigurationDelegate : Bootstrapping Spring Data JPA repositories in DEFAULT mode.
2020-03-15 07:52:58.767  INFO 27928 --- [main] .s.d.r.c.RepositoryConfigurationDelegate : Finished Spring Data repository scanning in 94ms. Found 4 JPA repository interfaces.
2020-03-15 07:52:59.412  INFO 27928 --- [main] o.s.b.w.embedded.tomcat.TomcatWebServer  : Tomcat initialized with port(s): 9009 (http)
2020-03-15 07:52:59.422  INFO 27928 --- [main] o.apache.catalina.core.StandardService   : Starting service [Tomcat]
2020-03-15 07:52:59.423  INFO 27928 --- [main] org.apache.catalina.core.StandardEngine  : Starting Servlet engine: [Apache Tomcat/9.0.31]
2020-03-15 07:52:59.497  INFO 27928 --- [main] o.a.c.c.C.[Tomcat].[localhost].[/]       : Initializing Spring embedded WebApplicationContext
2020-03-15 07:52:59.498  INFO 27928 --- [main] o.s.web.context.ContextLoader            : Root WebApplicationContext: initialization completed in 2053 ms
2020-03-15 07:52:59.686  INFO 27928 --- [main] o.hibernate.jpa.internal.util.LogHelper  : HHH000204: Processing PersistenceUnitInfo [
	name: default
	...]
2020-03-15 07:52:59.763  INFO 27928 --- [main] org.hibernate.Version                    : HHH000412: Hibernate Core {5.2.12.Final}
2020-03-15 07:52:59.764  INFO 27928 --- [main] org.hibernate.cfg.Environment            : HHH000206: hibernate.properties not found
2020-03-15 07:52:59.810  INFO 27928 --- [main] o.hibernate.annotations.common.Version   : HCANN000001: Hibernate Commons Annotations {5.0.1.Final}
2020-03-15 07:52:59.930  INFO 27928 --- [main] com.zaxxer.hikari.HikariDataSource       : HikariPool-1 - Starting...
2020-03-15 07:53:01.907  INFO 27928 --- [main] com.zaxxer.hikari.HikariDataSource       : HikariPool-1 - Start completed.
2020-03-15 07:53:01.926  INFO 27928 --- [main] org.hibernate.dialect.Dialect            : HHH000400: Using dialect: org.hibernate.dialect.PostgreSQLDialect
2020-03-15 07:53:08.109  INFO 27928 --- [main] o.h.e.j.e.i.LobCreatorBuilderImpl        : HHH000421: Disabling contextual LOB creation as hibernate.jdbc.lob.non_contextual_creation is true
2020-03-15 07:53:08.118  INFO 27928 --- [main] org.hibernate.type.BasicTypeRegistry     : HHH000270: Type registration [java.util.UUID] overrides previous : org.hibernate.type.UUIDBinaryType@4c777e7b
2020-03-15 07:53:12.500  INFO 27928 --- [main] o.h.t.schema.internal.SchemaCreatorImpl  : HHH000476: Executing import script 'org.hibernate.tool.schema.internal.exec.ScriptSourceInputNonExistentImpl@f2a1813'
2020-03-15 07:53:12.504  INFO 27928 --- [main] j.LocalContainerEntityManagerFactoryBean : Initialized JPA EntityManagerFactory for persistence unit 'default'
2020-03-15 07:53:12.895  INFO 27928 --- [main] o.h.h.i.QueryTranslatorFactoryInitiator  : HHH000397: Using ASTQueryTranslatorFactory
2020-03-15 07:53:13.122  WARN 27928 --- [main] JpaBaseConfiguration$JpaWebConfiguration : spring.jpa.open-in-view is enabled by default. Therefore, database queries may be performed during view rendering. Explicitly configure spring.jpa.open-in-view to disable this warning
2020-03-15 07:53:13.348  INFO 27928 --- [main] o.s.s.concurrent.ThreadPoolTaskExecutor  : Initializing ExecutorService 'applicationTaskExecutor'
2020-03-15 07:53:13.579  INFO 27928 --- [main] o.s.b.w.embedded.tomcat.TomcatWebServer  : Tomcat started on port(s): 9009 (http) with context path ''
2020-03-15 07:53:13.583  INFO 27928 --- [main] com.rush.RushApplication                 : Started RushApplication in 16.973 seconds (JVM running for 18.594)
2020-03-15 09:04:04.977  INFO 27928 --- [http-nio-9009-exec-2] o.a.c.c.C.[Tomcat].[localhost].[/]       : Initializing Spring DispatcherServlet 'dispatcherServlet'
2020-03-15 09:04:04.981  INFO 27928 --- [http-nio-9009-exec-2] o.s.web.servlet.DispatcherServlet        : Initializing Servlet 'dispatcherServlet'
2020-03-15 09:04:05.017  INFO 27928 --- [http-nio-9009-exec-2] o.s.web.servlet.DispatcherServlet        : Completed initialization in 36 ms
2020-03-15 09:04:05.099  INFO 27928 --- [http-nio-9009-exec-2] com.rush.controller.ProductController    : Retrieve Produ0ct list
2020-03-15 09:06:32.423  INFO 27928 --- [http-nio-9009-exec-1] com.rush.controller.ProductController    : Retrieve Produ0ct list
2020-03-15 09:13:06.398  INFO 27928 --- [http-nio-9009-exec-3] com.rush.controller.ProductController    : Retrieve Produ0ct list
2020-03-15 09:16:18.498  INFO 27928 --- [http-nio-9009-exec-7] com.rush.controller.ProductController    : Retrieve Produ0ct list
2020-03-15 09:19:03.875 ERROR 27928 --- [http-nio-9009-exec-9] com.rush.controller.LoginController      : Fail Seesion Initialization
2020-03-15 09:19:09.197  INFO 27928 --- [http-nio-9009-exec-10] com.rush.controller.ProductController    : Retrieve Produ0ct list
2020-03-15 09:22:09.313  INFO 27928 --- [http-nio-9009-exec-1] com.rush.controller.ProductController    : Retrieve Produ0ct list
2020-03-15 09:22:21.303  INFO 27928 --- [http-nio-9009-exec-4] com.rush.controller.ProductController    : Retrieve Produ0ct list
2020-03-15 09:22:36.336  INFO 27928 --- [http-nio-9009-exec-3] com.rush.controller.ProductController    : Retrieve Produ0ct list
2020-03-15 09:22:51.266  INFO 27928 --- [http-nio-9009-exec-6] com.rush.controller.ProductController    : Retrieve Produ0ct list
2020-03-15 09:22:57.006  INFO 27928 --- [http-nio-9009-exec-7] com.rush.controller.ProductController    : Retrieve Produ0ct list
2020-03-15 09:23:03.358  INFO 27928 --- [http-nio-9009-exec-8] com.rush.controller.ProductController    : Retrieve Produ0ct list
2020-03-15 09:24:34.231  INFO 27928 --- [http-nio-9009-exec-10] com.rush.controller.ProductController    : Retrieve Produ0ct list
2020-03-15 09:40:53.230  INFO 27928 --- [RMI TCP Connection(138)-127.0.0.1] inMXBeanRegistrar$SpringApplicationAdmin : Application shutdown requested.
2020-03-15 09:40:53.234  INFO 27928 --- [RMI TCP Connection(138)-127.0.0.1] o.s.s.concurrent.ThreadPoolTaskExecutor  : Shutting down ExecutorService 'applicationTaskExecutor'
2020-03-15 09:40:53.234  INFO 27928 --- [RMI TCP Connection(138)-127.0.0.1] j.LocalContainerEntityManagerFactoryBean : Closing JPA EntityManagerFactory for persistence unit 'default'
2020-03-15 09:40:53.240  INFO 27928 --- [RMI TCP Connection(138)-127.0.0.1] com.zaxxer.hikari.HikariDataSource       : HikariPool-1 - Shutdown initiated...
2020-03-15 09:40:53.253  INFO 27928 --- [RMI TCP Connection(138)-127.0.0.1] com.zaxxer.hikari.HikariDataSource       : HikariPool-1 - Shutdown completed.
2020-03-15 09:41:00.762  INFO 15416 --- [main] com.rush.RushApplication                 : Starting RushApplication on LAPTOP-LBL0B02E with PID 15416 (C:\Users\kirsa\Documents\workspace-sts-3.9.11.RELEASE\prj2-rush-d-java\Rush\target\classes started by kirsa in C:\Users\kirsa\Documents\workspace-sts-3.9.11.RELEASE\prj2-rush-d-java\Rush)
2020-03-15 09:41:00.778  INFO 15416 --- [main] com.rush.RushApplication                 : No active profile set, falling back to default profiles: default
2020-03-15 09:41:01.668  INFO 15416 --- [main] .s.d.r.c.RepositoryConfigurationDelegate : Bootstrapping Spring Data JPA repositories in DEFAULT mode.
2020-03-15 09:41:01.795  INFO 15416 --- [main] .s.d.r.c.RepositoryConfigurationDelegate : Finished Spring Data repository scanning in 111ms. Found 4 JPA repository interfaces.
2020-03-15 09:41:02.311  INFO 15416 --- [main] o.s.b.w.embedded.tomcat.TomcatWebServer  : Tomcat initialized with port(s): 9009 (http)
2020-03-15 09:41:02.311  INFO 15416 --- [main] o.apache.catalina.core.StandardService   : Starting service [Tomcat]
2020-03-15 09:41:02.311  INFO 15416 --- [main] org.apache.catalina.core.StandardEngine  : Starting Servlet engine: [Apache Tomcat/9.0.31]
2020-03-15 09:41:02.420  INFO 15416 --- [main] o.a.c.c.C.[Tomcat].[localhost].[/]       : Initializing Spring embedded WebApplicationContext
2020-03-15 09:41:02.420  INFO 15416 --- [main] o.s.web.context.ContextLoader            : Root WebApplicationContext: initialization completed in 1595 ms
2020-03-15 09:41:02.576  INFO 15416 --- [main] o.hibernate.jpa.internal.util.LogHelper  : HHH000204: Processing PersistenceUnitInfo [
	name: default
	...]
2020-03-15 09:41:02.654  INFO 15416 --- [main] org.hibernate.Version                    : HHH000412: Hibernate Core {5.2.12.Final}
2020-03-15 09:41:02.654  INFO 15416 --- [main] org.hibernate.cfg.Environment            : HHH000206: hibernate.properties not found
2020-03-15 09:41:02.685  INFO 15416 --- [main] o.hibernate.annotations.common.Version   : HCANN000001: Hibernate Commons Annotations {5.0.1.Final}
2020-03-15 09:41:02.809  INFO 15416 --- [main] com.zaxxer.hikari.HikariDataSource       : HikariPool-1 - Starting...
2020-03-15 09:41:03.840  INFO 15416 --- [main] com.zaxxer.hikari.HikariDataSource       : HikariPool-1 - Start completed.
2020-03-15 09:41:03.843  INFO 15416 --- [main] org.hibernate.dialect.Dialect            : HHH000400: Using dialect: org.hibernate.dialect.PostgreSQLDialect
2020-03-15 09:41:09.889  INFO 15416 --- [main] o.h.e.j.e.i.LobCreatorBuilderImpl        : HHH000421: Disabling contextual LOB creation as hibernate.jdbc.lob.non_contextual_creation is true
2020-03-15 09:41:09.894  INFO 15416 --- [main] org.hibernate.type.BasicTypeRegistry     : HHH000270: Type registration [java.util.UUID] overrides previous : org.hibernate.type.UUIDBinaryType@67c5ac52
2020-03-15 09:41:10.894  INFO 15416 --- [main] j.LocalContainerEntityManagerFactoryBean : Initialized JPA EntityManagerFactory for persistence unit 'default'
2020-03-15 09:41:11.124  INFO 15416 --- [main] o.h.h.i.QueryTranslatorFactoryInitiator  : HHH000397: Using ASTQueryTranslatorFactory
2020-03-15 09:41:11.296  WARN 15416 --- [main] JpaBaseConfiguration$JpaWebConfiguration : spring.jpa.open-in-view is enabled by default. Therefore, database queries may be performed during view rendering. Explicitly configure spring.jpa.open-in-view to disable this warning
2020-03-15 09:41:11.390  INFO 15416 --- [main] o.s.s.concurrent.ThreadPoolTaskExecutor  : Initializing ExecutorService 'applicationTaskExecutor'
2020-03-15 09:41:11.577  INFO 15416 --- [main] o.s.b.w.embedded.tomcat.TomcatWebServer  : Tomcat started on port(s): 9009 (http) with context path ''
2020-03-15 09:41:11.577  INFO 15416 --- [main] com.rush.RushApplication                 : Started RushApplication in 11.192 seconds (JVM running for 13.364)
2020-03-15 09:41:51.235  INFO 15416 --- [http-nio-9009-exec-3] o.a.c.c.C.[Tomcat].[localhost].[/]       : Initializing Spring DispatcherServlet 'dispatcherServlet'
2020-03-15 09:41:51.235  INFO 15416 --- [http-nio-9009-exec-3] o.s.web.servlet.DispatcherServlet        : Initializing Servlet 'dispatcherServlet'
2020-03-15 09:41:51.243  INFO 15416 --- [http-nio-9009-exec-3] o.s.web.servlet.DispatcherServlet        : Completed initialization in 8 ms
2020-03-15 09:41:51.271  INFO 15416 --- [http-nio-9009-exec-3] com.rush.controller.ProductController    : Retrieve Produ0ct list
2020-03-15 09:42:09.980  INFO 15416 --- [http-nio-9009-exec-1] com.rush.controller.ProductController    : ProductID 
2020-03-15 09:42:19.690  INFO 15416 --- [http-nio-9009-exec-4] com.rush.controller.ProductController    : Retrieve Produ0ct list
2020-03-15 09:42:21.217  INFO 15416 --- [http-nio-9009-exec-2] com.rush.controller.ProductController    : ProductID 
2020-03-15 09:42:22.552  INFO 15416 --- [http-nio-9009-exec-5] com.rush.controller.ProductController    : Retrieve Produ0ct list
2020-03-15 09:42:23.741  INFO 15416 --- [http-nio-9009-exec-6] com.rush.controller.ProductController    : ProductID 
2020-03-15 09:42:24.323  INFO 15416 --- [http-nio-9009-exec-7] com.rush.controller.ProductController    : Retrieve Produ0ct list
2020-03-15 09:42:25.197  INFO 15416 --- [http-nio-9009-exec-8] com.rush.controller.ProductController    : ProductID 
2020-03-15 09:42:25.810  INFO 15416 --- [http-nio-9009-exec-9] com.rush.controller.ProductController    : Retrieve Produ0ct list
2020-03-15 09:43:08.227  INFO 15416 --- [http-nio-9009-exec-3] com.rush.controller.CustomerController   : Creating Customer Profile
2020-03-15 09:43:08.444 ERROR 15416 --- [http-nio-9009-exec-1] com.rush.controller.LoginController      : Fail Seesion Initialization
2020-03-15 09:43:55.713  INFO 15416 --- [http-nio-9009-exec-4] com.rush.controller.CustomerController   : Creating Customer Profile
2020-03-15 09:43:55.872 ERROR 15416 --- [http-nio-9009-exec-2] com.rush.controller.LoginController      : Fail Seesion Initialization
2020-03-15 09:44:57.633  INFO 15416 --- [http-nio-9009-exec-8] com.rush.controller.LoginController      : Customer Logged In Successful
2020-03-15 09:44:57.659  INFO 15416 --- [http-nio-9009-exec-9] com.rush.controller.ProductController    : Retrieve Produ0ct list
2020-03-15 09:50:04.774  INFO 15416 --- [http-nio-9009-exec-9] com.rush.controller.ProductController    : Retrieve Produ0ct list
2020-03-15 09:52:05.218  INFO 15416 --- [http-nio-9009-exec-3] com.rush.controller.ProductController    : ProductID 
2020-03-15 09:52:09.375  INFO 15416 --- [http-nio-9009-exec-1] com.rush.controller.ProductController    : Retrieve Produ0ct list
2020-03-15 09:52:15.789  INFO 15416 --- [http-nio-9009-exec-4] com.rush.controller.ProductController    : ProductID 
2020-03-15 09:52:22.092  INFO 15416 --- [http-nio-9009-exec-2] com.rush.controller.ProductController    : Retrieve Produ0ct list
2020-03-15 09:52:24.591  INFO 15416 --- [http-nio-9009-exec-5] com.rush.controller.ProductController    : ProductID 
2020-03-15 09:52:30.319  INFO 15416 --- [http-nio-9009-exec-6] com.rush.controller.ProductController    : Retrieve Produ0ct list
2020-03-15 09:52:45.261  INFO 15416 --- [http-nio-9009-exec-7] com.rush.controller.ProductController    : ProductID 
2020-03-15 09:52:53.119  INFO 15416 --- [http-nio-9009-exec-8] com.rush.controller.ProductController    : Retrieve Produ0ct list
2020-03-15 09:53:00.104  INFO 15416 --- [http-nio-9009-exec-9] com.rush.controller.ProductController    : ProductID 
2020-03-15 09:53:10.017  INFO 15416 --- [http-nio-9009-exec-10] com.rush.controller.ProductController    : Retrieve Produ0ct list
2020-03-15 09:54:19.786  INFO 15416 --- [http-nio-9009-exec-1] com.rush.controller.ProductController    : Retrieve Produ0ct list
2020-03-15 10:38:55.785  INFO 15416 --- [http-nio-9009-exec-2] com.rush.controller.ProductController    : Retrieve Produ0ct list
2020-03-15 10:38:56.974  INFO 15416 --- [http-nio-9009-exec-5] com.rush.controller.ProductController    : ProductID 
2020-03-15 10:40:07.213  INFO 15416 --- [http-nio-9009-exec-7] com.rush.controller.ProductController    : ProductID 
2020-03-15 10:40:21.778  INFO 15416 --- [http-nio-9009-exec-8] com.rush.controller.ProductController    : ProductID 
2020-03-15 10:40:49.646  INFO 15416 --- [http-nio-9009-exec-9] com.rush.controller.ProductController    : ProductID 
2020-03-15 10:41:23.363  INFO 15416 --- [http-nio-9009-exec-10] com.rush.controller.ProductController    : ProductID 
2020-03-15 10:41:36.794  INFO 15416 --- [http-nio-9009-exec-3] com.rush.controller.ProductController    : ProductID 
2020-03-15 10:42:49.512  INFO 15416 --- [http-nio-9009-exec-4] com.rush.controller.ProductController    : ProductID 
2020-03-15 10:42:56.776  INFO 15416 --- [http-nio-9009-exec-2] com.rush.controller.ProductController    : ProductID 
2020-03-15 10:43:06.979  INFO 15416 --- [http-nio-9009-exec-5] com.rush.controller.ProductController    : ProductID 
2020-03-15 10:43:26.757  INFO 15416 --- [http-nio-9009-exec-6] com.rush.controller.ProductController    : ProductID 
2020-03-15 10:43:52.564  INFO 15416 --- [http-nio-9009-exec-7] com.rush.controller.ProductController    : ProductID 
2020-03-15 10:44:41.292  INFO 15416 --- [http-nio-9009-exec-8] com.rush.controller.ProductController    : ProductID 
2020-03-15 10:44:56.169  INFO 15416 --- [http-nio-9009-exec-9] com.rush.controller.ProductController    : ProductID 
2020-03-15 10:45:04.221  INFO 15416 --- [http-nio-9009-exec-10] com.rush.controller.ProductController    : ProductID 
2020-03-15 10:45:23.868  INFO 15416 --- [http-nio-9009-exec-3] com.rush.controller.ProductController    : ProductID 
2020-03-15 10:45:51.922  INFO 15416 --- [http-nio-9009-exec-1] com.rush.controller.ProductController    : ProductID 
2020-03-15 10:46:10.234  INFO 15416 --- [http-nio-9009-exec-4] com.rush.controller.ProductController    : ProductID 
2020-03-15 10:46:27.107  INFO 15416 --- [http-nio-9009-exec-2] com.rush.controller.ProductController    : Retrieve Produ0ct list
2020-03-15 10:46:28.630  INFO 15416 --- [http-nio-9009-exec-5] com.rush.controller.ProductController    : ProductID 
2020-03-15 10:46:36.061  INFO 15416 --- [http-nio-9009-exec-6] com.rush.controller.ProductController    : Retrieve Produ0ct list
2020-03-15 10:46:38.404  INFO 15416 --- [http-nio-9009-exec-7] com.rush.controller.ProductController    : ProductID 
2020-03-15 10:46:41.243  INFO 15416 --- [http-nio-9009-exec-8] com.rush.controller.ProductController    : Retrieve Produ0ct list
2020-03-15 10:46:43.284  INFO 15416 --- [http-nio-9009-exec-9] com.rush.controller.ProductController    : ProductID 
2020-03-15 10:47:20.301  INFO 15416 --- [http-nio-9009-exec-10] com.rush.controller.ProductController    : Retrieve Produ0ct list
2020-03-15 10:48:50.935  INFO 15416 --- [http-nio-9009-exec-1] com.rush.controller.ProductController    : Retrieve Produ0ct list
2020-03-15 10:50:19.142  INFO 15416 --- [http-nio-9009-exec-2] com.rush.controller.ProductController    : Retrieve Produ0ct list
2020-03-15 10:53:10.217  INFO 15416 --- [http-nio-9009-exec-6] com.rush.controller.ProductController    : ProductID 
2020-03-15 10:53:10.662  INFO 15416 --- [http-nio-9009-exec-7] com.rush.controller.ProductController    : Retrieve Produ0ct list
2020-03-15 10:53:12.814  INFO 15416 --- [http-nio-9009-exec-8] com.rush.controller.ProductController    : ProductID 
2020-03-15 10:53:24.984  INFO 15416 --- [http-nio-9009-exec-9] com.rush.controller.ProductController    : ProductID 
2020-03-15 10:54:29.683  INFO 15416 --- [http-nio-9009-exec-3] com.rush.controller.LoginController      : Session Initialization Successful
2020-03-15 10:54:29.700  INFO 15416 --- [http-nio-9009-exec-1] com.rush.controller.ProductController    : Retrieve Produ0ct list
2020-03-15 10:54:41.754  INFO 15416 --- [http-nio-9009-exec-2] com.rush.controller.ProductController    : Retrieve Produ0ct list
2020-03-15 10:54:43.028  INFO 15416 --- [http-nio-9009-exec-5] com.rush.controller.ProductController    : ProductID 
2020-03-15 10:57:01.088  INFO 15416 --- [http-nio-9009-exec-10] com.rush.controller.ProductController    : Retrieve Produ0ct list
2020-03-15 10:57:02.520  INFO 15416 --- [http-nio-9009-exec-3] com.rush.controller.ProductController    : ProductID 
2020-03-15 10:59:30.364  INFO 15416 --- [http-nio-9009-exec-4] com.rush.controller.ProductController    : Retrieve Produ0ct list
2020-03-15 10:59:52.623  INFO 15416 --- [http-nio-9009-exec-2] com.rush.controller.ProductController    : Retrieve Produ0ct list
2020-03-15 10:59:57.929  INFO 15416 --- [http-nio-9009-exec-5] com.rush.controller.ProductController    : ProductID 
2020-03-15 11:00:04.161  INFO 15416 --- [http-nio-9009-exec-6] com.rush.controller.ProductController    : Retrieve Produ0ct list
2020-03-15 11:00:06.195  INFO 15416 --- [http-nio-9009-exec-7] com.rush.controller.ProductController    : ProductID 
2020-03-15 11:01:05.175  INFO 15416 --- [http-nio-9009-exec-8] com.rush.controller.LoginController      : Session Initialization Successful
2020-03-15 11:01:05.203  INFO 15416 --- [http-nio-9009-exec-9] com.rush.controller.ProductController    : Retrieve Produ0ct list
2020-03-15 11:02:20.213  INFO 15416 --- [http-nio-9009-exec-1] com.rush.controller.ProductController    : Retrieve Produ0ct list
2020-03-15 11:02:21.402  INFO 15416 --- [http-nio-9009-exec-4] com.rush.controller.LoginController      : Session Initialization Successful
2020-03-15 11:02:21.427  INFO 15416 --- [http-nio-9009-exec-2] com.rush.controller.ProductController    : Retrieve Produ0ct list
2020-03-15 11:04:30.921  INFO 15416 --- [http-nio-9009-exec-9] com.rush.controller.ProductController    : Retrieve Produ0ct list
2020-03-15 11:07:26.494  INFO 15416 --- [RMI TCP Connection(96)-127.0.0.1] inMXBeanRegistrar$SpringApplicationAdmin : Application shutdown requested.
2020-03-15 11:07:26.504  INFO 15416 --- [RMI TCP Connection(96)-127.0.0.1] o.s.s.concurrent.ThreadPoolTaskExecutor  : Shutting down ExecutorService 'applicationTaskExecutor'
2020-03-15 11:07:26.504  INFO 15416 --- [RMI TCP Connection(96)-127.0.0.1] j.LocalContainerEntityManagerFactoryBean : Closing JPA EntityManagerFactory for persistence unit 'default'
2020-03-15 11:07:26.513  INFO 15416 --- [RMI TCP Connection(96)-127.0.0.1] com.zaxxer.hikari.HikariDataSource       : HikariPool-1 - Shutdown initiated...
2020-03-15 11:07:26.525  INFO 15416 --- [RMI TCP Connection(96)-127.0.0.1] com.zaxxer.hikari.HikariDataSource       : HikariPool-1 - Shutdown completed.
2020-03-15 11:07:32.357  INFO 1280 --- [main] com.rush.RushApplication                 : Starting RushApplication on LAPTOP-LBL0B02E with PID 1280 (C:\Users\kirsa\Documents\workspace-sts-3.9.11.RELEASE\prj2-rush-d-java\Rush\target\classes started by kirsa in C:\Users\kirsa\Documents\workspace-sts-3.9.11.RELEASE\prj2-rush-d-java\Rush)
2020-03-15 11:07:32.366  INFO 1280 --- [main] com.rush.RushApplication                 : No active profile set, falling back to default profiles: default
2020-03-15 11:07:33.046  INFO 1280 --- [main] .s.d.r.c.RepositoryConfigurationDelegate : Bootstrapping Spring Data JPA repositories in DEFAULT mode.
2020-03-15 11:07:33.127  INFO 1280 --- [main] .s.d.r.c.RepositoryConfigurationDelegate : Finished Spring Data repository scanning in 73ms. Found 4 JPA repository interfaces.
2020-03-15 11:07:33.636  INFO 1280 --- [main] o.s.b.w.embedded.tomcat.TomcatWebServer  : Tomcat initialized with port(s): 9009 (http)
2020-03-15 11:07:33.646  INFO 1280 --- [main] o.apache.catalina.core.StandardService   : Starting service [Tomcat]
2020-03-15 11:07:33.646  INFO 1280 --- [main] org.apache.catalina.core.StandardEngine  : Starting Servlet engine: [Apache Tomcat/9.0.31]
2020-03-15 11:07:33.737  INFO 1280 --- [main] o.a.c.c.C.[Tomcat].[localhost].[/]       : Initializing Spring embedded WebApplicationContext
2020-03-15 11:07:33.737  INFO 1280 --- [main] o.s.web.context.ContextLoader            : Root WebApplicationContext: initialization completed in 1329 ms
2020-03-15 11:07:33.907  INFO 1280 --- [main] o.hibernate.jpa.internal.util.LogHelper  : HHH000204: Processing PersistenceUnitInfo [
	name: default
	...]
2020-03-15 11:07:33.989  INFO 1280 --- [main] org.hibernate.Version                    : HHH000412: Hibernate Core {5.2.12.Final}
2020-03-15 11:07:33.991  INFO 1280 --- [main] org.hibernate.cfg.Environment            : HHH000206: hibernate.properties not found
2020-03-15 11:07:34.030  INFO 1280 --- [main] o.hibernate.annotations.common.Version   : HCANN000001: Hibernate Commons Annotations {5.0.1.Final}
2020-03-15 11:07:34.217  INFO 1280 --- [main] com.zaxxer.hikari.HikariDataSource       : HikariPool-1 - Starting...
2020-03-15 11:07:35.285  INFO 1280 --- [main] com.zaxxer.hikari.HikariDataSource       : HikariPool-1 - Start completed.
2020-03-15 11:07:35.296  INFO 1280 --- [main] org.hibernate.dialect.Dialect            : HHH000400: Using dialect: org.hibernate.dialect.PostgreSQLDialect
2020-03-15 11:07:41.998  INFO 1280 --- [main] o.h.e.j.e.i.LobCreatorBuilderImpl        : HHH000421: Disabling contextual LOB creation as hibernate.jdbc.lob.non_contextual_creation is true
2020-03-15 11:07:42.002  INFO 1280 --- [main] org.hibernate.type.BasicTypeRegistry     : HHH000270: Type registration [java.util.UUID] overrides previous : org.hibernate.type.UUIDBinaryType@14982a82
2020-03-15 11:07:43.064  INFO 1280 --- [main] j.LocalContainerEntityManagerFactoryBean : Initialized JPA EntityManagerFactory for persistence unit 'default'
2020-03-15 11:07:43.291  INFO 1280 --- [main] o.h.h.i.QueryTranslatorFactoryInitiator  : HHH000397: Using ASTQueryTranslatorFactory
2020-03-15 11:07:43.447  WARN 1280 --- [main] JpaBaseConfiguration$JpaWebConfiguration : spring.jpa.open-in-view is enabled by default. Therefore, database queries may be performed during view rendering. Explicitly configure spring.jpa.open-in-view to disable this warning
2020-03-15 11:07:43.572  INFO 1280 --- [main] o.s.s.concurrent.ThreadPoolTaskExecutor  : Initializing ExecutorService 'applicationTaskExecutor'
2020-03-15 11:07:43.760  INFO 1280 --- [main] o.s.b.w.embedded.tomcat.TomcatWebServer  : Tomcat started on port(s): 9009 (http) with context path ''
2020-03-15 11:07:43.760  INFO 1280 --- [main] com.rush.RushApplication                 : Started RushApplication in 11.718 seconds (JVM running for 12.223)
2020-03-15 11:07:53.455  INFO 1280 --- [http-nio-9009-exec-1] o.a.c.c.C.[Tomcat].[localhost].[/]       : Initializing Spring DispatcherServlet 'dispatcherServlet'
2020-03-15 11:07:53.455  INFO 1280 --- [http-nio-9009-exec-1] o.s.web.servlet.DispatcherServlet        : Initializing Servlet 'dispatcherServlet'
2020-03-15 11:07:53.462  INFO 1280 --- [http-nio-9009-exec-1] o.s.web.servlet.DispatcherServlet        : Completed initialization in 6 ms
2020-03-15 11:09:21.795  INFO 1280 --- [RMI TCP Connection(11)-127.0.0.1] inMXBeanRegistrar$SpringApplicationAdmin : Application shutdown requested.
2020-03-15 11:09:21.804  INFO 1280 --- [RMI TCP Connection(11)-127.0.0.1] o.s.s.concurrent.ThreadPoolTaskExecutor  : Shutting down ExecutorService 'applicationTaskExecutor'
2020-03-15 11:09:21.804  INFO 1280 --- [RMI TCP Connection(11)-127.0.0.1] j.LocalContainerEntityManagerFactoryBean : Closing JPA EntityManagerFactory for persistence unit 'default'
2020-03-15 11:09:21.804  INFO 1280 --- [RMI TCP Connection(11)-127.0.0.1] com.zaxxer.hikari.HikariDataSource       : HikariPool-1 - Shutdown initiated...
2020-03-15 11:09:21.820  INFO 1280 --- [RMI TCP Connection(11)-127.0.0.1] com.zaxxer.hikari.HikariDataSource       : HikariPool-1 - Shutdown completed.
2020-03-15 11:09:27.576  INFO 15028 --- [main] com.rush.RushApplication                 : Starting RushApplication on LAPTOP-LBL0B02E with PID 15028 (C:\Users\kirsa\Documents\workspace-sts-3.9.11.RELEASE\prj2-rush-d-java\Rush\target\classes started by kirsa in C:\Users\kirsa\Documents\workspace-sts-3.9.11.RELEASE\prj2-rush-d-java\Rush)
2020-03-15 11:09:27.576  INFO 15028 --- [main] com.rush.RushApplication                 : No active profile set, falling back to default profiles: default
2020-03-15 11:09:28.248  INFO 15028 --- [main] .s.d.r.c.RepositoryConfigurationDelegate : Bootstrapping Spring Data JPA repositories in DEFAULT mode.
2020-03-15 11:09:28.340  INFO 15028 --- [main] .s.d.r.c.RepositoryConfigurationDelegate : Finished Spring Data repository scanning in 73ms. Found 4 JPA repository interfaces.
2020-03-15 11:09:28.855  INFO 15028 --- [main] o.s.b.w.embedded.tomcat.TomcatWebServer  : Tomcat initialized with port(s): 9009 (http)
2020-03-15 11:09:28.871  INFO 15028 --- [main] o.apache.catalina.core.StandardService   : Starting service [Tomcat]
2020-03-15 11:09:28.871  INFO 15028 --- [main] org.apache.catalina.core.StandardEngine  : Starting Servlet engine: [Apache Tomcat/9.0.31]
2020-03-15 11:09:28.949  INFO 15028 --- [main] o.a.c.c.C.[Tomcat].[localhost].[/]       : Initializing Spring embedded WebApplicationContext
2020-03-15 11:09:28.949  INFO 15028 --- [main] o.s.web.context.ContextLoader            : Root WebApplicationContext: initialization completed in 1326 ms
2020-03-15 11:09:29.105  INFO 15028 --- [main] o.hibernate.jpa.internal.util.LogHelper  : HHH000204: Processing PersistenceUnitInfo [
	name: default
	...]
2020-03-15 11:09:29.168  INFO 15028 --- [main] org.hibernate.Version                    : HHH000412: Hibernate Core {5.2.12.Final}
2020-03-15 11:09:29.168  INFO 15028 --- [main] org.hibernate.cfg.Environment            : HHH000206: hibernate.properties not found
2020-03-15 11:09:29.230  INFO 15028 --- [main] o.hibernate.annotations.common.Version   : HCANN000001: Hibernate Commons Annotations {5.0.1.Final}
2020-03-15 11:09:29.355  INFO 15028 --- [main] com.zaxxer.hikari.HikariDataSource       : HikariPool-1 - Starting...
2020-03-15 11:09:30.385  INFO 15028 --- [main] com.zaxxer.hikari.HikariDataSource       : HikariPool-1 - Start completed.
2020-03-15 11:09:30.397  INFO 15028 --- [main] org.hibernate.dialect.Dialect            : HHH000400: Using dialect: org.hibernate.dialect.PostgreSQLDialect
2020-03-15 11:09:36.794  INFO 15028 --- [main] o.h.e.j.e.i.LobCreatorBuilderImpl        : HHH000421: Disabling contextual LOB creation as hibernate.jdbc.lob.non_contextual_creation is true
2020-03-15 11:09:36.808  INFO 15028 --- [main] org.hibernate.type.BasicTypeRegistry     : HHH000270: Type registration [java.util.UUID] overrides previous : org.hibernate.type.UUIDBinaryType@5ef6fd7f
2020-03-15 11:09:37.824  INFO 15028 --- [main] j.LocalContainerEntityManagerFactoryBean : Initialized JPA EntityManagerFactory for persistence unit 'default'
2020-03-15 11:09:38.047  INFO 15028 --- [main] o.h.h.i.QueryTranslatorFactoryInitiator  : HHH000397: Using ASTQueryTranslatorFactory
2020-03-15 11:09:38.203  WARN 15028 --- [main] JpaBaseConfiguration$JpaWebConfiguration : spring.jpa.open-in-view is enabled by default. Therefore, database queries may be performed during view rendering. Explicitly configure spring.jpa.open-in-view to disable this warning
2020-03-15 11:09:38.297  INFO 15028 --- [main] o.s.s.concurrent.ThreadPoolTaskExecutor  : Initializing ExecutorService 'applicationTaskExecutor'
2020-03-15 11:09:38.469  INFO 15028 --- [main] o.s.b.w.embedded.tomcat.TomcatWebServer  : Tomcat started on port(s): 9009 (http) with context path ''
2020-03-15 11:09:38.469  INFO 15028 --- [main] com.rush.RushApplication                 : Started RushApplication in 11.222 seconds (JVM running for 11.713)
2020-03-15 11:09:42.311  INFO 15028 --- [http-nio-9009-exec-1] o.a.c.c.C.[Tomcat].[localhost].[/]       : Initializing Spring DispatcherServlet 'dispatcherServlet'
2020-03-15 11:09:42.312  INFO 15028 --- [http-nio-9009-exec-1] o.s.web.servlet.DispatcherServlet        : Initializing Servlet 'dispatcherServlet'
2020-03-15 11:09:42.320  INFO 15028 --- [http-nio-9009-exec-1] o.s.web.servlet.DispatcherServlet        : Completed initialization in 8 ms
2020-03-15 11:22:50.917  INFO 15028 --- [RMI TCP Connection(24)-127.0.0.1] inMXBeanRegistrar$SpringApplicationAdmin : Application shutdown requested.
2020-03-15 11:22:50.927  INFO 15028 --- [RMI TCP Connection(24)-127.0.0.1] o.s.s.concurrent.ThreadPoolTaskExecutor  : Shutting down ExecutorService 'applicationTaskExecutor'
2020-03-15 11:22:50.927  INFO 15028 --- [RMI TCP Connection(24)-127.0.0.1] j.LocalContainerEntityManagerFactoryBean : Closing JPA EntityManagerFactory for persistence unit 'default'
2020-03-15 11:22:50.927  INFO 15028 --- [RMI TCP Connection(24)-127.0.0.1] com.zaxxer.hikari.HikariDataSource       : HikariPool-1 - Shutdown initiated...
2020-03-15 11:22:50.943  INFO 15028 --- [RMI TCP Connection(24)-127.0.0.1] com.zaxxer.hikari.HikariDataSource       : HikariPool-1 - Shutdown completed.
2020-03-15 11:22:56.541  INFO 33956 --- [main] com.rush.RushApplication                 : Starting RushApplication on LAPTOP-LBL0B02E with PID 33956 (C:\Users\kirsa\Documents\workspace-sts-3.9.11.RELEASE\prj2-rush-d-java\Rush\target\classes started by kirsa in C:\Users\kirsa\Documents\workspace-sts-3.9.11.RELEASE\prj2-rush-d-java\Rush)
2020-03-15 11:22:56.557  INFO 33956 --- [main] com.rush.RushApplication                 : No active profile set, falling back to default profiles: default
2020-03-15 11:22:57.026  INFO 33956 --- [main] .s.d.r.c.RepositoryConfigurationDelegate : Bootstrapping Spring Data JPA repositories in DEFAULT mode.
2020-03-15 11:22:57.084  INFO 33956 --- [main] .s.d.r.c.RepositoryConfigurationDelegate : Finished Spring Data repository scanning in 52ms. Found 4 JPA repository interfaces.
2020-03-15 11:22:57.459  INFO 33956 --- [main] o.s.b.w.embedded.tomcat.TomcatWebServer  : Tomcat initialized with port(s): 9009 (http)
2020-03-15 11:22:57.475  INFO 33956 --- [main] o.apache.catalina.core.StandardService   : Starting service [Tomcat]
2020-03-15 11:22:57.475  INFO 33956 --- [main] org.apache.catalina.core.StandardEngine  : Starting Servlet engine: [Apache Tomcat/9.0.31]
2020-03-15 11:22:57.553  INFO 33956 --- [main] o.a.c.c.C.[Tomcat].[localhost].[/]       : Initializing Spring embedded WebApplicationContext
2020-03-15 11:22:57.553  INFO 33956 --- [main] o.s.web.context.ContextLoader            : Root WebApplicationContext: initialization completed in 965 ms
2020-03-15 11:22:57.678  INFO 33956 --- [main] o.hibernate.jpa.internal.util.LogHelper  : HHH000204: Processing PersistenceUnitInfo [
	name: default
	...]
2020-03-15 11:22:57.740  INFO 33956 --- [main] org.hibernate.Version                    : HHH000412: Hibernate Core {5.2.12.Final}
2020-03-15 11:22:57.740  INFO 33956 --- [main] org.hibernate.cfg.Environment            : HHH000206: hibernate.properties not found
2020-03-15 11:22:57.772  INFO 33956 --- [main] o.hibernate.annotations.common.Version   : HCANN000001: Hibernate Commons Annotations {5.0.1.Final}
2020-03-15 11:22:57.897  INFO 33956 --- [main] com.zaxxer.hikari.HikariDataSource       : HikariPool-1 - Starting...
2020-03-15 11:22:58.959  INFO 33956 --- [main] com.zaxxer.hikari.HikariDataSource       : HikariPool-1 - Start completed.
2020-03-15 11:22:58.968  INFO 33956 --- [main] org.hibernate.dialect.Dialect            : HHH000400: Using dialect: org.hibernate.dialect.PostgreSQLDialect
2020-03-15 11:23:05.138  INFO 33956 --- [main] o.h.e.j.e.i.LobCreatorBuilderImpl        : HHH000421: Disabling contextual LOB creation as hibernate.jdbc.lob.non_contextual_creation is true
2020-03-15 11:23:05.142  INFO 33956 --- [main] org.hibernate.type.BasicTypeRegistry     : HHH000270: Type registration [java.util.UUID] overrides previous : org.hibernate.type.UUIDBinaryType@2f37f1f9
2020-03-15 11:23:06.142  INFO 33956 --- [main] j.LocalContainerEntityManagerFactoryBean : Initialized JPA EntityManagerFactory for persistence unit 'default'
2020-03-15 11:23:06.388  INFO 33956 --- [main] o.h.h.i.QueryTranslatorFactoryInitiator  : HHH000397: Using ASTQueryTranslatorFactory
2020-03-15 11:23:06.544  WARN 33956 --- [main] JpaBaseConfiguration$JpaWebConfiguration : spring.jpa.open-in-view is enabled by default. Therefore, database queries may be performed during view rendering. Explicitly configure spring.jpa.open-in-view to disable this warning
2020-03-15 11:23:06.653  INFO 33956 --- [main] o.s.s.concurrent.ThreadPoolTaskExecutor  : Initializing ExecutorService 'applicationTaskExecutor'
2020-03-15 11:23:06.856  INFO 33956 --- [main] o.s.b.w.embedded.tomcat.TomcatWebServer  : Tomcat started on port(s): 9009 (http) with context path ''
2020-03-15 11:23:06.872  INFO 33956 --- [main] com.rush.RushApplication                 : Started RushApplication in 10.581 seconds (JVM running for 11.044)
2020-03-15 11:23:11.810  INFO 33956 --- [http-nio-9009-exec-3] o.a.c.c.C.[Tomcat].[localhost].[/]       : Initializing Spring DispatcherServlet 'dispatcherServlet'
2020-03-15 11:23:11.810  INFO 33956 --- [http-nio-9009-exec-3] o.s.web.servlet.DispatcherServlet        : Initializing Servlet 'dispatcherServlet'
2020-03-15 11:23:11.831  INFO 33956 --- [http-nio-9009-exec-3] o.s.web.servlet.DispatcherServlet        : Completed initialization in 8 ms
2020-03-15 11:31:39.971  INFO 33956 --- [http-nio-9009-exec-2] com.rush.controller.ProductController    : Retrieve Produ0ct list
2020-03-15 11:40:52.376  INFO 33956 --- [http-nio-9009-exec-1] com.rush.controller.ProductController    : Retrieve Produ0ct list
2020-03-15 11:41:00.454  INFO 33956 --- [http-nio-9009-exec-4] com.rush.controller.ProductController    : ProductID 
2020-03-15 11:41:03.643  INFO 33956 --- [http-nio-9009-exec-6] com.rush.controller.ProductController    : Retrieve Produ0ct list
2020-03-15 11:41:11.904  INFO 33956 --- [http-nio-9009-exec-10] com.rush.controller.ProductController    : Retrieve Produ0ct list
2020-03-15 11:42:24.282  INFO 33956 --- [http-nio-9009-exec-10] com.rush.controller.ProductController    : Retrieve Produ0ct list
2020-03-15 11:42:41.567  INFO 33956 --- [http-nio-9009-exec-3] com.rush.controller.ProductController    : Retrieve Produ0ct list
2020-03-15 11:46:22.711  INFO 33956 --- [http-nio-9009-exec-1] com.rush.controller.ProductController    : Retrieve Produ0ct list
2020-03-15 11:46:58.762  INFO 33956 --- [http-nio-9009-exec-4] com.rush.controller.ProductController    : Retrieve Produ0ct list
2020-03-15 11:47:06.486  INFO 33956 --- [http-nio-9009-exec-6] com.rush.controller.ProductController    : Retrieve Produ0ct list
2020-03-15 11:49:08.355  INFO 33956 --- [http-nio-9009-exec-8] com.rush.controller.ProductController    : Retrieve Produ0ct list
2020-03-15 11:50:09.749  INFO 33956 --- [http-nio-9009-exec-10] com.rush.controller.ProductController    : Retrieve Produ0ct list
2020-03-15 11:50:42.978  INFO 33956 --- [http-nio-9009-exec-3] com.rush.controller.ProductController    : Retrieve Produ0ct list
2020-03-15 11:50:48.106  INFO 33956 --- [http-nio-9009-exec-2] com.rush.controller.ProductController    : Retrieve Produ0ct list
2020-03-15 11:50:56.382  INFO 33956 --- [http-nio-9009-exec-5] com.rush.controller.ProductController    : Retrieve Produ0ct list
2020-03-15 11:51:09.120  INFO 33956 --- [http-nio-9009-exec-1] com.rush.controller.ProductController    : Retrieve Produ0ct list
2020-03-15 11:51:14.614  INFO 33956 --- [http-nio-9009-exec-4] com.rush.controller.ProductController    : Retrieve Produ0ct list
2020-03-15 11:51:30.169  INFO 33956 --- [http-nio-9009-exec-6] com.rush.controller.ProductController    : Retrieve Produ0ct list
2020-03-15 11:52:09.335  INFO 33956 --- [http-nio-9009-exec-7] com.rush.controller.ProductController    : Retrieve Produ0ct list
2020-03-15 11:52:26.221  INFO 33956 --- [http-nio-9009-exec-8] com.rush.controller.ProductController    : Retrieve Produ0ct list
2020-03-15 11:52:42.570  INFO 33956 --- [http-nio-9009-exec-9] com.rush.controller.ProductController    : Retrieve Produ0ct list
2020-03-15 11:52:59.661  INFO 33956 --- [http-nio-9009-exec-10] com.rush.controller.ProductController    : Retrieve Produ0ct list
2020-03-15 11:53:30.679  INFO 33956 --- [http-nio-9009-exec-3] com.rush.controller.ProductController    : Retrieve Produ0ct list
2020-03-15 11:54:15.897  INFO 33956 --- [http-nio-9009-exec-2] com.rush.controller.ProductController    : Retrieve Produ0ct list
2020-03-15 11:54:30.559  INFO 33956 --- [http-nio-9009-exec-5] com.rush.controller.LoginController      : Session Initialization Successful
2020-03-15 11:54:30.586  INFO 33956 --- [http-nio-9009-exec-1] com.rush.controller.ProductController    : Retrieve Produ0ct list
2020-03-15 11:54:54.885  INFO 33956 --- [http-nio-9009-exec-9] com.rush.controller.ProductController    : Retrieve Produ0ct list
2020-03-15 11:54:59.510  INFO 33956 --- [http-nio-9009-exec-2] com.rush.controller.ProductController    : Retrieve Produ0ct list
2020-03-15 11:56:11.443  INFO 33956 --- [http-nio-9009-exec-9] com.rush.controller.ProductController    : Retrieve Produ0ct list
2020-03-15 11:57:17.039  INFO 33956 --- [http-nio-9009-exec-3] com.rush.controller.ProductController    : Retrieve Produ0ct list
2020-03-15 11:57:19.271  INFO 33956 --- [http-nio-9009-exec-2] com.rush.controller.ProductController    : Retrieve Produ0ct list
2020-03-15 11:57:24.946  INFO 33956 --- [http-nio-9009-exec-5] com.rush.controller.ProductController    : Retrieve Produ0ct list
2020-03-15 11:57:29.980  INFO 33956 --- [http-nio-9009-exec-1] com.rush.controller.ProductController    : Retrieve Produ0ct list
2020-03-15 11:57:38.075  INFO 33956 --- [http-nio-9009-exec-4] com.rush.controller.ProductController    : Retrieve Produ0ct list
2020-03-15 11:57:56.803  INFO 33956 --- [http-nio-9009-exec-6] com.rush.controller.ProductController    : Retrieve Produ0ct list
2020-03-15 11:58:22.358  INFO 33956 --- [http-nio-9009-exec-7] com.rush.controller.ProductController    : Retrieve Produ0ct list
2020-03-15 11:59:00.393  INFO 33956 --- [http-nio-9009-exec-8] com.rush.controller.ProductController    : Retrieve Produ0ct list
2020-03-15 11:59:21.113  INFO 33956 --- [http-nio-9009-exec-9] com.rush.controller.ProductController    : Retrieve Produ0ct list
2020-03-15 11:59:28.734  INFO 33956 --- [http-nio-9009-exec-10] com.rush.controller.ProductController    : Retrieve Produ0ct list
2020-03-15 11:59:51.826  INFO 33956 --- [http-nio-9009-exec-3] com.rush.controller.ProductController    : Retrieve Produ0ct list
2020-03-15 12:00:12.484  INFO 33956 --- [http-nio-9009-exec-2] com.rush.controller.ProductController    : Retrieve Produ0ct list
2020-03-15 12:00:17.067  INFO 33956 --- [http-nio-9009-exec-5] com.rush.controller.ProductController    : Retrieve Produ0ct list
2020-03-15 12:00:22.792  INFO 33956 --- [http-nio-9009-exec-1] com.rush.controller.ProductController    : Retrieve Produ0ct list
2020-03-15 12:00:36.255  INFO 33956 --- [http-nio-9009-exec-4] com.rush.controller.ProductController    : Retrieve Produ0ct list
2020-03-15 12:00:39.757  INFO 33956 --- [http-nio-9009-exec-6] com.rush.controller.ProductController    : Retrieve Produ0ct list
2020-03-15 12:00:44.311  INFO 33956 --- [http-nio-9009-exec-7] com.rush.controller.ProductController    : Retrieve Produ0ct list
2020-03-15 12:01:24.872  INFO 33956 --- [http-nio-9009-exec-8] com.rush.controller.ProductController    : Retrieve Produ0ct list
2020-03-15 12:01:32.474  INFO 33956 --- [http-nio-9009-exec-9] com.rush.controller.ProductController    : Retrieve Produ0ct list
2020-03-15 12:02:02.929  INFO 33956 --- [http-nio-9009-exec-10] com.rush.controller.ProductController    : Retrieve Produ0ct list
2020-03-15 12:02:24.212  INFO 33956 --- [http-nio-9009-exec-3] com.rush.controller.ProductController    : Retrieve Produ0ct list
2020-03-15 12:02:27.613  INFO 33956 --- [http-nio-9009-exec-2] com.rush.controller.ProductController    : Retrieve Produ0ct list
2020-03-15 12:08:35.587  INFO 33956 --- [http-nio-9009-exec-1] com.rush.controller.ProductController    : Retrieve Produ0ct list
2020-03-15 12:08:42.080  INFO 33956 --- [http-nio-9009-exec-4] com.rush.controller.ProductController    : Retrieve Produ0ct list
2020-03-15 12:08:43.788  INFO 33956 --- [http-nio-9009-exec-6] com.rush.controller.ProductController    : Retrieve Produ0ct list
2020-03-15 12:09:12.847  INFO 33956 --- [http-nio-9009-exec-7] com.rush.controller.ProductController    : Retrieve Produ0ct list
2020-03-15 12:09:14.805  INFO 33956 --- [http-nio-9009-exec-8] com.rush.controller.ProductController    : ProductID 
2020-03-15 12:09:15.649  INFO 33956 --- [http-nio-9009-exec-9] com.rush.controller.ProductController    : Retrieve Produ0ct list
2020-03-15 12:10:23.624  INFO 33956 --- [http-nio-9009-exec-3] com.rush.controller.ProductController    : Retrieve Produ0ct list
2020-03-15 12:10:26.440  INFO 33956 --- [http-nio-9009-exec-2] com.rush.controller.ProductController    : Retrieve Produ0ct list
2020-03-15 12:10:28.327  INFO 33956 --- [http-nio-9009-exec-5] com.rush.controller.ProductController    : Retrieve Produ0ct list
2020-03-15 12:10:34.326  INFO 33956 --- [http-nio-9009-exec-1] com.rush.controller.ProductController    : Retrieve Produ0ct list
2020-03-15 12:11:32.143  INFO 33956 --- [http-nio-9009-exec-4] com.rush.controller.ProductController    : Retrieve Produ0ct list
2020-03-15 12:12:18.010  INFO 33956 --- [http-nio-9009-exec-6] com.rush.controller.ProductController    : Retrieve Produ0ct list
2020-03-15 12:13:10.624  INFO 33956 --- [http-nio-9009-exec-7] com.rush.controller.ProductController    : Retrieve Produ0ct list
2020-03-15 12:13:53.957  INFO 33956 --- [http-nio-9009-exec-8] com.rush.controller.ProductController    : Retrieve Produ0ct list
2020-03-15 12:15:23.521  INFO 33956 --- [http-nio-9009-exec-10] com.rush.controller.ProductController    : Retrieve Produ0ct list
2020-03-15 12:46:30.686  INFO 33956 --- [http-nio-9009-exec-2] com.rush.controller.ProductController    : Retrieve Produ0ct list
2020-03-15 12:46:39.934  INFO 33956 --- [http-nio-9009-exec-5] com.rush.controller.ProductController    : Retrieve Produ0ct list
2020-03-15 12:52:03.206  INFO 33956 --- [http-nio-9009-exec-4] com.rush.controller.ProductController    : Retrieve Produ0ct list
2020-03-15 12:53:21.149  INFO 33956 --- [http-nio-9009-exec-7] com.rush.controller.ProductController    : Retrieve Produ0ct list
2020-03-15 12:53:28.681  INFO 33956 --- [http-nio-9009-exec-8] com.rush.controller.ProductController    : Retrieve Produ0ct list
2020-03-15 12:55:51.855  INFO 33956 --- [http-nio-9009-exec-10] com.rush.controller.ProductController    : Retrieve Produ0ct list
2020-03-15 12:56:04.286  INFO 33956 --- [http-nio-9009-exec-3] com.rush.controller.ProductController    : Retrieve Produ0ct list
2020-03-15 12:56:17.396  INFO 33956 --- [http-nio-9009-exec-2] com.rush.controller.ProductController    : ProductID 
2020-03-15 12:56:18.538  INFO 33956 --- [http-nio-9009-exec-5] com.rush.controller.ProductController    : Retrieve Produ0ct list
2020-03-15 12:56:19.687  INFO 33956 --- [http-nio-9009-exec-1] com.rush.controller.ProductController    : ProductID 
2020-03-15 12:56:21.943  INFO 33956 --- [http-nio-9009-exec-4] com.rush.controller.ProductController    : Retrieve Produ0ct list
2020-03-15 13:09:43.939  INFO 33956 --- [RMI TCP Connection(116)-127.0.0.1] inMXBeanRegistrar$SpringApplicationAdmin : Application shutdown requested.
2020-03-15 13:09:43.942  INFO 33956 --- [RMI TCP Connection(116)-127.0.0.1] o.s.s.concurrent.ThreadPoolTaskExecutor  : Shutting down ExecutorService 'applicationTaskExecutor'
2020-03-15 13:09:43.942  INFO 33956 --- [RMI TCP Connection(116)-127.0.0.1] j.LocalContainerEntityManagerFactoryBean : Closing JPA EntityManagerFactory for persistence unit 'default'
2020-03-15 13:09:43.942  INFO 33956 --- [RMI TCP Connection(116)-127.0.0.1] com.zaxxer.hikari.HikariDataSource       : HikariPool-1 - Shutdown initiated...
2020-03-15 13:09:44.005  INFO 33956 --- [RMI TCP Connection(116)-127.0.0.1] com.zaxxer.hikari.HikariDataSource       : HikariPool-1 - Shutdown completed.
2020-03-15 13:09:49.717  INFO 22676 --- [main] com.rush.RushApplication                 : Starting RushApplication on LAPTOP-LBL0B02E with PID 22676 (C:\Users\kirsa\Documents\workspace-sts-3.9.11.RELEASE\prj2-rush-d-java\Rush\target\classes started by kirsa in C:\Users\kirsa\Documents\workspace-sts-3.9.11.RELEASE\prj2-rush-d-java\Rush)
2020-03-15 13:09:49.721  INFO 22676 --- [main] com.rush.RushApplication                 : No active profile set, falling back to default profiles: default
2020-03-15 13:09:50.223  INFO 22676 --- [main] .s.d.r.c.RepositoryConfigurationDelegate : Bootstrapping Spring Data JPA repositories in DEFAULT mode.
2020-03-15 13:09:50.289  INFO 22676 --- [main] .s.d.r.c.RepositoryConfigurationDelegate : Finished Spring Data repository scanning in 59ms. Found 4 JPA repository interfaces.
2020-03-15 13:09:50.712  INFO 22676 --- [main] o.s.b.w.embedded.tomcat.TomcatWebServer  : Tomcat initialized with port(s): 9009 (http)
2020-03-15 13:09:50.721  INFO 22676 --- [main] o.apache.catalina.core.StandardService   : Starting service [Tomcat]
2020-03-15 13:09:50.721  INFO 22676 --- [main] org.apache.catalina.core.StandardEngine  : Starting Servlet engine: [Apache Tomcat/9.0.31]
2020-03-15 13:09:50.811  INFO 22676 --- [main] o.a.c.c.C.[Tomcat].[localhost].[/]       : Initializing Spring embedded WebApplicationContext
2020-03-15 13:09:50.812  INFO 22676 --- [main] o.s.web.context.ContextLoader            : Root WebApplicationContext: initialization completed in 1056 ms
2020-03-15 13:09:51.064  INFO 22676 --- [main] o.hibernate.jpa.internal.util.LogHelper  : HHH000204: Processing PersistenceUnitInfo [
	name: default
	...]
2020-03-15 13:09:51.182  INFO 22676 --- [main] org.hibernate.Version                    : HHH000412: Hibernate Core {5.2.12.Final}
2020-03-15 13:09:51.182  INFO 22676 --- [main] org.hibernate.cfg.Environment            : HHH000206: hibernate.properties not found
2020-03-15 13:09:51.229  INFO 22676 --- [main] o.hibernate.annotations.common.Version   : HCANN000001: Hibernate Commons Annotations {5.0.1.Final}
2020-03-15 13:09:51.431  INFO 22676 --- [main] com.zaxxer.hikari.HikariDataSource       : HikariPool-1 - Starting...
2020-03-15 13:09:52.917  INFO 22676 --- [main] com.zaxxer.hikari.HikariDataSource       : HikariPool-1 - Start completed.
2020-03-15 13:09:52.930  INFO 22676 --- [main] org.hibernate.dialect.Dialect            : HHH000400: Using dialect: org.hibernate.dialect.PostgreSQLDialect
2020-03-15 13:09:59.493  INFO 22676 --- [main] o.h.e.j.e.i.LobCreatorBuilderImpl        : HHH000421: Disabling contextual LOB creation as hibernate.jdbc.lob.non_contextual_creation is true
2020-03-15 13:09:59.497  INFO 22676 --- [main] org.hibernate.type.BasicTypeRegistry     : HHH000270: Type registration [java.util.UUID] overrides previous : org.hibernate.type.UUIDBinaryType@1b1f5012
2020-03-15 13:10:00.634  INFO 22676 --- [main] j.LocalContainerEntityManagerFactoryBean : Initialized JPA EntityManagerFactory for persistence unit 'default'
2020-03-15 13:10:00.894  INFO 22676 --- [main] o.h.h.i.QueryTranslatorFactoryInitiator  : HHH000397: Using ASTQueryTranslatorFactory
2020-03-15 13:10:01.081  WARN 22676 --- [main] JpaBaseConfiguration$JpaWebConfiguration : spring.jpa.open-in-view is enabled by default. Therefore, database queries may be performed during view rendering. Explicitly configure spring.jpa.open-in-view to disable this warning
2020-03-15 13:10:01.190  INFO 22676 --- [main] o.s.s.concurrent.ThreadPoolTaskExecutor  : Initializing ExecutorService 'applicationTaskExecutor'
2020-03-15 13:10:01.398  INFO 22676 --- [main] o.s.b.w.embedded.tomcat.TomcatWebServer  : Tomcat started on port(s): 9009 (http) with context path ''
2020-03-15 13:10:01.398  INFO 22676 --- [main] com.rush.RushApplication                 : Started RushApplication in 11.966 seconds (JVM running for 12.509)
2020-03-15 13:10:49.615  INFO 22676 --- [http-nio-9009-exec-1] o.a.c.c.C.[Tomcat].[localhost].[/]       : Initializing Spring DispatcherServlet 'dispatcherServlet'
2020-03-15 13:10:49.615  INFO 22676 --- [http-nio-9009-exec-1] o.s.web.servlet.DispatcherServlet        : Initializing Servlet 'dispatcherServlet'
2020-03-15 13:10:49.629  INFO 22676 --- [http-nio-9009-exec-1] o.s.web.servlet.DispatcherServlet        : Completed initialization in 4 ms
2020-03-15 13:17:31.436  INFO 22676 --- [http-nio-9009-exec-2] com.rush.controller.OrderController      : Saving Order
2020-03-15 13:17:59.681  INFO 22676 --- [http-nio-9009-exec-4] com.rush.controller.OrderController      : Saving Order
2020-03-15 13:17:59.793 ERROR 22676 --- [http-nio-9009-exec-4] o.h.i.ExceptionMapperStandardImpl        : HHH000346: Error during managed flush [org.hibernate.TransientObjectException: object references an unsaved transient instance - save the transient instance before flushing: com.rush.model.OrderItem]
2020-03-15 13:17:59.843  INFO 22676 --- [http-nio-9009-exec-4] o.h.e.j.b.internal.AbstractBatchImpl     : HHH000010: On release of batch it still contained JDBC statements
2020-03-15 13:17:59.869 ERROR 22676 --- [http-nio-9009-exec-4] o.a.c.c.C.[.[.[/].[dispatcherServlet]    : Servlet.service() for servlet [dispatcherServlet] in context with path [] threw exception [Request processing failed; nested exception is org.springframework.dao.InvalidDataAccessApiUsageException: org.hibernate.TransientObjectException: object references an unsaved transient instance - save the transient instance before flushing: com.rush.model.OrderItem; nested exception is java.lang.IllegalStateException: org.hibernate.TransientObjectException: object references an unsaved transient instance - save the transient instance before flushing: com.rush.model.OrderItem] with root cause

org.hibernate.TransientObjectException: object references an unsaved transient instance - save the transient instance before flushing: com.rush.model.OrderItem
	at org.hibernate.engine.internal.ForeignKeys.getEntityIdentifierIfNotUnsaved(ForeignKeys.java:279) ~[hibernate-core-5.2.12.Final.jar:5.2.12.Final]
	at org.hibernate.type.EntityType.getIdentifier(EntityType.java:462) ~[hibernate-core-5.2.12.Final.jar:5.2.12.Final]
	at org.hibernate.type.ManyToOneType.nullSafeSet(ManyToOneType.java:151) ~[hibernate-core-5.2.12.Final.jar:5.2.12.Final]
	at org.hibernate.persister.collection.AbstractCollectionPersister.writeElement(AbstractCollectionPersister.java:903) ~[hibernate-core-5.2.12.Final.jar:5.2.12.Final]
	at org.hibernate.persister.collection.AbstractCollectionPersister.recreate(AbstractCollectionPersister.java:1326) ~[hibernate-core-5.2.12.Final.jar:5.2.12.Final]
	at org.hibernate.persister.collection.OneToManyPersister.recreate(OneToManyPersister.java:186) ~[hibernate-core-5.2.12.Final.jar:5.2.12.Final]
	at org.hibernate.action.internal.CollectionRecreateAction.execute(CollectionRecreateAction.java:50) ~[hibernate-core-5.2.12.Final.jar:5.2.12.Final]
	at org.hibernate.engine.spi.ActionQueue.executeActions(ActionQueue.java:589) ~[hibernate-core-5.2.12.Final.jar:5.2.12.Final]
	at org.hibernate.engine.spi.ActionQueue.executeActions(ActionQueue.java:463) ~[hibernate-core-5.2.12.Final.jar:5.2.12.Final]
	at org.hibernate.event.internal.AbstractFlushingEventListener.performExecutions(AbstractFlushingEventListener.java:337) ~[hibernate-core-5.2.12.Final.jar:5.2.12.Final]
	at org.hibernate.event.internal.DefaultFlushEventListener.onFlush(DefaultFlushEventListener.java:39) ~[hibernate-core-5.2.12.Final.jar:5.2.12.Final]
	at org.hibernate.internal.SessionImpl.doFlush(SessionImpl.java:1437) ~[hibernate-core-5.2.12.Final.jar:5.2.12.Final]
	at org.hibernate.internal.SessionImpl.managedFlush(SessionImpl.java:493) ~[hibernate-core-5.2.12.Final.jar:5.2.12.Final]
	at org.hibernate.internal.SessionImpl.flushBeforeTransactionCompletion(SessionImpl.java:3207) ~[hibernate-core-5.2.12.Final.jar:5.2.12.Final]
	at org.hibernate.internal.SessionImpl.beforeTransactionCompletion(SessionImpl.java:2413) ~[hibernate-core-5.2.12.Final.jar:5.2.12.Final]
	at org.hibernate.engine.jdbc.internal.JdbcCoordinatorImpl.beforeTransactionCompletion(JdbcCoordinatorImpl.java:473) ~[hibernate-core-5.2.12.Final.jar:5.2.12.Final]
	at org.hibernate.resource.transaction.backend.jdbc.internal.JdbcResourceLocalTransactionCoordinatorImpl.beforeCompletionCallback(JdbcResourceLocalTransactionCoordinatorImpl.java:156) ~[hibernate-core-5.2.12.Final.jar:5.2.12.Final]
	at org.hibernate.resource.transaction.backend.jdbc.internal.JdbcResourceLocalTransactionCoordinatorImpl.access$100(JdbcResourceLocalTransactionCoordinatorImpl.java:38) ~[hibernate-core-5.2.12.Final.jar:5.2.12.Final]
	at org.hibernate.resource.transaction.backend.jdbc.internal.JdbcResourceLocalTransactionCoordinatorImpl$TransactionDriverControlImpl.commit(JdbcResourceLocalTransactionCoordinatorImpl.java:231) ~[hibernate-core-5.2.12.Final.jar:5.2.12.Final]
	at org.hibernate.engine.transaction.internal.TransactionImpl.commit(TransactionImpl.java:68) ~[hibernate-core-5.2.12.Final.jar:5.2.12.Final]
	at org.springframework.orm.jpa.JpaTransactionManager.doCommit(JpaTransactionManager.java:534) ~[spring-orm-5.2.4.RELEASE.jar:5.2.4.RELEASE]
	at org.springframework.transaction.support.AbstractPlatformTransactionManager.processCommit(AbstractPlatformTransactionManager.java:743) ~[spring-tx-5.2.4.RELEASE.jar:5.2.4.RELEASE]
	at org.springframework.transaction.support.AbstractPlatformTransactionManager.commit(AbstractPlatformTransactionManager.java:711) ~[spring-tx-5.2.4.RELEASE.jar:5.2.4.RELEASE]
	at org.springframework.transaction.interceptor.TransactionAspectSupport.commitTransactionAfterReturning(TransactionAspectSupport.java:631) ~[spring-tx-5.2.4.RELEASE.jar:5.2.4.RELEASE]
	at org.springframework.transaction.interceptor.TransactionAspectSupport.invokeWithinTransaction(TransactionAspectSupport.java:385) ~[spring-tx-5.2.4.RELEASE.jar:5.2.4.RELEASE]
	at org.springframework.transaction.interceptor.TransactionInterceptor.invoke(TransactionInterceptor.java:99) ~[spring-tx-5.2.4.RELEASE.jar:5.2.4.RELEASE]
	at org.springframework.aop.framework.ReflectiveMethodInvocation.proceed(ReflectiveMethodInvocation.java:186) ~[spring-aop-5.2.4.RELEASE.jar:5.2.4.RELEASE]
	at org.springframework.dao.support.PersistenceExceptionTranslationInterceptor.invoke(PersistenceExceptionTranslationInterceptor.java:139) ~[spring-tx-5.2.4.RELEASE.jar:5.2.4.RELEASE]
	at org.springframework.aop.framework.ReflectiveMethodInvocation.proceed(ReflectiveMethodInvocation.java:186) ~[spring-aop-5.2.4.RELEASE.jar:5.2.4.RELEASE]
	at org.springframework.data.jpa.repository.support.CrudMethodMetadataPostProcessor$CrudMethodMetadataPopulatingMethodInterceptor.invoke(CrudMethodMetadataPostProcessor.java:178) ~[spring-data-jpa-2.2.5.RELEASE.jar:2.2.5.RELEASE]
	at org.springframework.aop.framework.ReflectiveMethodInvocation.proceed(ReflectiveMethodInvocation.java:186) ~[spring-aop-5.2.4.RELEASE.jar:5.2.4.RELEASE]
	at org.springframework.aop.interceptor.ExposeInvocationInterceptor.invoke(ExposeInvocationInterceptor.java:95) ~[spring-aop-5.2.4.RELEASE.jar:5.2.4.RELEASE]
	at org.springframework.aop.framework.ReflectiveMethodInvocation.proceed(ReflectiveMethodInvocation.java:186) ~[spring-aop-5.2.4.RELEASE.jar:5.2.4.RELEASE]
	at org.springframework.aop.framework.JdkDynamicAopProxy.invoke(JdkDynamicAopProxy.java:212) ~[spring-aop-5.2.4.RELEASE.jar:5.2.4.RELEASE]
	at com.sun.proxy.$Proxy106.save(Unknown Source) ~[na:na]
	at com.rush.controller.OrderController.createOrder(OrderController.java:36) ~[classes/:na]
	at sun.reflect.NativeMethodAccessorImpl.invoke0(Native Method) ~[na:1.8.0_241]
	at sun.reflect.NativeMethodAccessorImpl.invoke(Unknown Source) ~[na:1.8.0_241]
	at sun.reflect.DelegatingMethodAccessorImpl.invoke(Unknown Source) ~[na:1.8.0_241]
	at java.lang.reflect.Method.invoke(Unknown Source) ~[na:1.8.0_241]
	at org.springframework.web.method.support.InvocableHandlerMethod.doInvoke(InvocableHandlerMethod.java:190) ~[spring-web-5.2.4.RELEASE.jar:5.2.4.RELEASE]
	at org.springframework.web.method.support.InvocableHandlerMethod.invokeForRequest(InvocableHandlerMethod.java:138) ~[spring-web-5.2.4.RELEASE.jar:5.2.4.RELEASE]
	at org.springframework.web.servlet.mvc.method.annotation.ServletInvocableHandlerMethod.invokeAndHandle(ServletInvocableHandlerMethod.java:106) ~[spring-webmvc-5.2.4.RELEASE.jar:5.2.4.RELEASE]
	at org.springframework.web.servlet.mvc.method.annotation.RequestMappingHandlerAdapter.invokeHandlerMethod(RequestMappingHandlerAdapter.java:879) ~[spring-webmvc-5.2.4.RELEASE.jar:5.2.4.RELEASE]
	at org.springframework.web.servlet.mvc.method.annotation.RequestMappingHandlerAdapter.handleInternal(RequestMappingHandlerAdapter.java:793) ~[spring-webmvc-5.2.4.RELEASE.jar:5.2.4.RELEASE]
	at org.springframework.web.servlet.mvc.method.AbstractHandlerMethodAdapter.handle(AbstractHandlerMethodAdapter.java:87) ~[spring-webmvc-5.2.4.RELEASE.jar:5.2.4.RELEASE]
	at org.springframework.web.servlet.DispatcherServlet.doDispatch(DispatcherServlet.java:1040) ~[spring-webmvc-5.2.4.RELEASE.jar:5.2.4.RELEASE]
	at org.springframework.web.servlet.DispatcherServlet.doService(DispatcherServlet.java:943) ~[spring-webmvc-5.2.4.RELEASE.jar:5.2.4.RELEASE]
	at org.springframework.web.servlet.FrameworkServlet.processRequest(FrameworkServlet.java:1006) ~[spring-webmvc-5.2.4.RELEASE.jar:5.2.4.RELEASE]
	at org.springframework.web.servlet.FrameworkServlet.doPost(FrameworkServlet.java:909) ~[spring-webmvc-5.2.4.RELEASE.jar:5.2.4.RELEASE]
	at javax.servlet.http.HttpServlet.service(HttpServlet.java:660) ~[tomcat-embed-core-9.0.31.jar:9.0.31]
	at org.springframework.web.servlet.FrameworkServlet.service(FrameworkServlet.java:883) ~[spring-webmvc-5.2.4.RELEASE.jar:5.2.4.RELEASE]
	at javax.servlet.http.HttpServlet.service(HttpServlet.java:741) ~[tomcat-embed-core-9.0.31.jar:9.0.31]
	at org.apache.catalina.core.ApplicationFilterChain.internalDoFilter(ApplicationFilterChain.java:231) ~[tomcat-embed-core-9.0.31.jar:9.0.31]
	at org.apache.catalina.core.ApplicationFilterChain.doFilter(ApplicationFilterChain.java:166) ~[tomcat-embed-core-9.0.31.jar:9.0.31]
	at org.apache.tomcat.websocket.server.WsFilter.doFilter(WsFilter.java:53) ~[tomcat-embed-websocket-9.0.31.jar:9.0.31]
	at org.apache.catalina.core.ApplicationFilterChain.internalDoFilter(ApplicationFilterChain.java:193) ~[tomcat-embed-core-9.0.31.jar:9.0.31]
	at org.apache.catalina.core.ApplicationFilterChain.doFilter(ApplicationFilterChain.java:166) ~[tomcat-embed-core-9.0.31.jar:9.0.31]
	at org.springframework.web.filter.RequestContextFilter.doFilterInternal(RequestContextFilter.java:100) ~[spring-web-5.2.4.RELEASE.jar:5.2.4.RELEASE]
	at org.springframework.web.filter.OncePerRequestFilter.doFilter(OncePerRequestFilter.java:119) ~[spring-web-5.2.4.RELEASE.jar:5.2.4.RELEASE]
	at org.apache.catalina.core.ApplicationFilterChain.internalDoFilter(ApplicationFilterChain.java:193) ~[tomcat-embed-core-9.0.31.jar:9.0.31]
	at org.apache.catalina.core.ApplicationFilterChain.doFilter(ApplicationFilterChain.java:166) ~[tomcat-embed-core-9.0.31.jar:9.0.31]
	at org.springframework.web.filter.FormContentFilter.doFilterInternal(FormContentFilter.java:93) ~[spring-web-5.2.4.RELEASE.jar:5.2.4.RELEASE]
	at org.springframework.web.filter.OncePerRequestFilter.doFilter(OncePerRequestFilter.java:119) ~[spring-web-5.2.4.RELEASE.jar:5.2.4.RELEASE]
	at org.apache.catalina.core.ApplicationFilterChain.internalDoFilter(ApplicationFilterChain.java:193) ~[tomcat-embed-core-9.0.31.jar:9.0.31]
	at org.apache.catalina.core.ApplicationFilterChain.doFilter(ApplicationFilterChain.java:166) ~[tomcat-embed-core-9.0.31.jar:9.0.31]
	at org.springframework.web.filter.CharacterEncodingFilter.doFilterInternal(CharacterEncodingFilter.java:201) ~[spring-web-5.2.4.RELEASE.jar:5.2.4.RELEASE]
	at org.springframework.web.filter.OncePerRequestFilter.doFilter(OncePerRequestFilter.java:119) ~[spring-web-5.2.4.RELEASE.jar:5.2.4.RELEASE]
	at org.apache.catalina.core.ApplicationFilterChain.internalDoFilter(ApplicationFilterChain.java:193) ~[tomcat-embed-core-9.0.31.jar:9.0.31]
	at org.apache.catalina.core.ApplicationFilterChain.doFilter(ApplicationFilterChain.java:166) ~[tomcat-embed-core-9.0.31.jar:9.0.31]
	at org.apache.catalina.core.StandardWrapperValve.invoke(StandardWrapperValve.java:202) ~[tomcat-embed-core-9.0.31.jar:9.0.31]
	at org.apache.catalina.core.StandardContextValve.invoke(StandardContextValve.java:96) [tomcat-embed-core-9.0.31.jar:9.0.31]
	at org.apache.catalina.authenticator.AuthenticatorBase.invoke(AuthenticatorBase.java:541) [tomcat-embed-core-9.0.31.jar:9.0.31]
	at org.apache.catalina.core.StandardHostValve.invoke(StandardHostValve.java:139) [tomcat-embed-core-9.0.31.jar:9.0.31]
	at org.apache.catalina.valves.ErrorReportValve.invoke(ErrorReportValve.java:92) [tomcat-embed-core-9.0.31.jar:9.0.31]
	at org.apache.catalina.core.StandardEngineValve.invoke(StandardEngineValve.java:74) [tomcat-embed-core-9.0.31.jar:9.0.31]
	at org.apache.catalina.connector.CoyoteAdapter.service(CoyoteAdapter.java:343) [tomcat-embed-core-9.0.31.jar:9.0.31]
	at org.apache.coyote.http11.Http11Processor.service(Http11Processor.java:367) [tomcat-embed-core-9.0.31.jar:9.0.31]
	at org.apache.coyote.AbstractProcessorLight.process(AbstractProcessorLight.java:65) [tomcat-embed-core-9.0.31.jar:9.0.31]
	at org.apache.coyote.AbstractProtocol$ConnectionHandler.process(AbstractProtocol.java:868) [tomcat-embed-core-9.0.31.jar:9.0.31]
	at org.apache.tomcat.util.net.NioEndpoint$SocketProcessor.doRun(NioEndpoint.java:1639) [tomcat-embed-core-9.0.31.jar:9.0.31]
	at org.apache.tomcat.util.net.SocketProcessorBase.run(SocketProcessorBase.java:49) [tomcat-embed-core-9.0.31.jar:9.0.31]
	at java.util.concurrent.ThreadPoolExecutor.runWorker(Unknown Source) [na:1.8.0_241]
	at java.util.concurrent.ThreadPoolExecutor$Worker.run(Unknown Source) [na:1.8.0_241]
	at org.apache.tomcat.util.threads.TaskThread$WrappingRunnable.run(TaskThread.java:61) [tomcat-embed-core-9.0.31.jar:9.0.31]
	at java.lang.Thread.run(Unknown Source) [na:1.8.0_241]

2020-03-15 13:19:33.826  INFO 22676 --- [http-nio-9009-exec-5] com.rush.controller.OrderController      : Saving Order
2020-03-15 13:19:33.926 ERROR 22676 --- [http-nio-9009-exec-5] o.h.i.ExceptionMapperStandardImpl        : HHH000346: Error during managed flush [org.hibernate.TransientObjectException: object references an unsaved transient instance - save the transient instance before flushing: com.rush.model.OrderItem]
2020-03-15 13:19:33.973  INFO 22676 --- [http-nio-9009-exec-5] o.h.e.j.b.internal.AbstractBatchImpl     : HHH000010: On release of batch it still contained JDBC statements
2020-03-15 13:19:33.973 ERROR 22676 --- [http-nio-9009-exec-5] o.a.c.c.C.[.[.[/].[dispatcherServlet]    : Servlet.service() for servlet [dispatcherServlet] in context with path [] threw exception [Request processing failed; nested exception is org.springframework.dao.InvalidDataAccessApiUsageException: org.hibernate.TransientObjectException: object references an unsaved transient instance - save the transient instance before flushing: com.rush.model.OrderItem; nested exception is java.lang.IllegalStateException: org.hibernate.TransientObjectException: object references an unsaved transient instance - save the transient instance before flushing: com.rush.model.OrderItem] with root cause

org.hibernate.TransientObjectException: object references an unsaved transient instance - save the transient instance before flushing: com.rush.model.OrderItem
	at org.hibernate.engine.internal.ForeignKeys.getEntityIdentifierIfNotUnsaved(ForeignKeys.java:279) ~[hibernate-core-5.2.12.Final.jar:5.2.12.Final]
	at org.hibernate.type.EntityType.getIdentifier(EntityType.java:462) ~[hibernate-core-5.2.12.Final.jar:5.2.12.Final]
	at org.hibernate.type.ManyToOneType.nullSafeSet(ManyToOneType.java:151) ~[hibernate-core-5.2.12.Final.jar:5.2.12.Final]
	at org.hibernate.persister.collection.AbstractCollectionPersister.writeElement(AbstractCollectionPersister.java:903) ~[hibernate-core-5.2.12.Final.jar:5.2.12.Final]
	at org.hibernate.persister.collection.AbstractCollectionPersister.recreate(AbstractCollectionPersister.java:1326) ~[hibernate-core-5.2.12.Final.jar:5.2.12.Final]
	at org.hibernate.persister.collection.OneToManyPersister.recreate(OneToManyPersister.java:186) ~[hibernate-core-5.2.12.Final.jar:5.2.12.Final]
	at org.hibernate.action.internal.CollectionRecreateAction.execute(CollectionRecreateAction.java:50) ~[hibernate-core-5.2.12.Final.jar:5.2.12.Final]
	at org.hibernate.engine.spi.ActionQueue.executeActions(ActionQueue.java:589) ~[hibernate-core-5.2.12.Final.jar:5.2.12.Final]
	at org.hibernate.engine.spi.ActionQueue.executeActions(ActionQueue.java:463) ~[hibernate-core-5.2.12.Final.jar:5.2.12.Final]
	at org.hibernate.event.internal.AbstractFlushingEventListener.performExecutions(AbstractFlushingEventListener.java:337) ~[hibernate-core-5.2.12.Final.jar:5.2.12.Final]
	at org.hibernate.event.internal.DefaultFlushEventListener.onFlush(DefaultFlushEventListener.java:39) ~[hibernate-core-5.2.12.Final.jar:5.2.12.Final]
	at org.hibernate.internal.SessionImpl.doFlush(SessionImpl.java:1437) ~[hibernate-core-5.2.12.Final.jar:5.2.12.Final]
	at org.hibernate.internal.SessionImpl.managedFlush(SessionImpl.java:493) ~[hibernate-core-5.2.12.Final.jar:5.2.12.Final]
	at org.hibernate.internal.SessionImpl.flushBeforeTransactionCompletion(SessionImpl.java:3207) ~[hibernate-core-5.2.12.Final.jar:5.2.12.Final]
	at org.hibernate.internal.SessionImpl.beforeTransactionCompletion(SessionImpl.java:2413) ~[hibernate-core-5.2.12.Final.jar:5.2.12.Final]
	at org.hibernate.engine.jdbc.internal.JdbcCoordinatorImpl.beforeTransactionCompletion(JdbcCoordinatorImpl.java:473) ~[hibernate-core-5.2.12.Final.jar:5.2.12.Final]
	at org.hibernate.resource.transaction.backend.jdbc.internal.JdbcResourceLocalTransactionCoordinatorImpl.beforeCompletionCallback(JdbcResourceLocalTransactionCoordinatorImpl.java:156) ~[hibernate-core-5.2.12.Final.jar:5.2.12.Final]
	at org.hibernate.resource.transaction.backend.jdbc.internal.JdbcResourceLocalTransactionCoordinatorImpl.access$100(JdbcResourceLocalTransactionCoordinatorImpl.java:38) ~[hibernate-core-5.2.12.Final.jar:5.2.12.Final]
	at org.hibernate.resource.transaction.backend.jdbc.internal.JdbcResourceLocalTransactionCoordinatorImpl$TransactionDriverControlImpl.commit(JdbcResourceLocalTransactionCoordinatorImpl.java:231) ~[hibernate-core-5.2.12.Final.jar:5.2.12.Final]
	at org.hibernate.engine.transaction.internal.TransactionImpl.commit(TransactionImpl.java:68) ~[hibernate-core-5.2.12.Final.jar:5.2.12.Final]
	at org.springframework.orm.jpa.JpaTransactionManager.doCommit(JpaTransactionManager.java:534) ~[spring-orm-5.2.4.RELEASE.jar:5.2.4.RELEASE]
	at org.springframework.transaction.support.AbstractPlatformTransactionManager.processCommit(AbstractPlatformTransactionManager.java:743) ~[spring-tx-5.2.4.RELEASE.jar:5.2.4.RELEASE]
	at org.springframework.transaction.support.AbstractPlatformTransactionManager.commit(AbstractPlatformTransactionManager.java:711) ~[spring-tx-5.2.4.RELEASE.jar:5.2.4.RELEASE]
	at org.springframework.transaction.interceptor.TransactionAspectSupport.commitTransactionAfterReturning(TransactionAspectSupport.java:631) ~[spring-tx-5.2.4.RELEASE.jar:5.2.4.RELEASE]
	at org.springframework.transaction.interceptor.TransactionAspectSupport.invokeWithinTransaction(TransactionAspectSupport.java:385) ~[spring-tx-5.2.4.RELEASE.jar:5.2.4.RELEASE]
	at org.springframework.transaction.interceptor.TransactionInterceptor.invoke(TransactionInterceptor.java:99) ~[spring-tx-5.2.4.RELEASE.jar:5.2.4.RELEASE]
	at org.springframework.aop.framework.ReflectiveMethodInvocation.proceed(ReflectiveMethodInvocation.java:186) ~[spring-aop-5.2.4.RELEASE.jar:5.2.4.RELEASE]
	at org.springframework.dao.support.PersistenceExceptionTranslationInterceptor.invoke(PersistenceExceptionTranslationInterceptor.java:139) ~[spring-tx-5.2.4.RELEASE.jar:5.2.4.RELEASE]
	at org.springframework.aop.framework.ReflectiveMethodInvocation.proceed(ReflectiveMethodInvocation.java:186) ~[spring-aop-5.2.4.RELEASE.jar:5.2.4.RELEASE]
	at org.springframework.data.jpa.repository.support.CrudMethodMetadataPostProcessor$CrudMethodMetadataPopulatingMethodInterceptor.invoke(CrudMethodMetadataPostProcessor.java:178) ~[spring-data-jpa-2.2.5.RELEASE.jar:2.2.5.RELEASE]
	at org.springframework.aop.framework.ReflectiveMethodInvocation.proceed(ReflectiveMethodInvocation.java:186) ~[spring-aop-5.2.4.RELEASE.jar:5.2.4.RELEASE]
	at org.springframework.aop.interceptor.ExposeInvocationInterceptor.invoke(ExposeInvocationInterceptor.java:95) ~[spring-aop-5.2.4.RELEASE.jar:5.2.4.RELEASE]
	at org.springframework.aop.framework.ReflectiveMethodInvocation.proceed(ReflectiveMethodInvocation.java:186) ~[spring-aop-5.2.4.RELEASE.jar:5.2.4.RELEASE]
	at org.springframework.aop.framework.JdkDynamicAopProxy.invoke(JdkDynamicAopProxy.java:212) ~[spring-aop-5.2.4.RELEASE.jar:5.2.4.RELEASE]
	at com.sun.proxy.$Proxy106.save(Unknown Source) ~[na:na]
	at com.rush.controller.OrderController.createOrder(OrderController.java:36) ~[classes/:na]
	at sun.reflect.NativeMethodAccessorImpl.invoke0(Native Method) ~[na:1.8.0_241]
	at sun.reflect.NativeMethodAccessorImpl.invoke(Unknown Source) ~[na:1.8.0_241]
	at sun.reflect.DelegatingMethodAccessorImpl.invoke(Unknown Source) ~[na:1.8.0_241]
	at java.lang.reflect.Method.invoke(Unknown Source) ~[na:1.8.0_241]
	at org.springframework.web.method.support.InvocableHandlerMethod.doInvoke(InvocableHandlerMethod.java:190) ~[spring-web-5.2.4.RELEASE.jar:5.2.4.RELEASE]
	at org.springframework.web.method.support.InvocableHandlerMethod.invokeForRequest(InvocableHandlerMethod.java:138) ~[spring-web-5.2.4.RELEASE.jar:5.2.4.RELEASE]
	at org.springframework.web.servlet.mvc.method.annotation.ServletInvocableHandlerMethod.invokeAndHandle(ServletInvocableHandlerMethod.java:106) ~[spring-webmvc-5.2.4.RELEASE.jar:5.2.4.RELEASE]
	at org.springframework.web.servlet.mvc.method.annotation.RequestMappingHandlerAdapter.invokeHandlerMethod(RequestMappingHandlerAdapter.java:879) ~[spring-webmvc-5.2.4.RELEASE.jar:5.2.4.RELEASE]
	at org.springframework.web.servlet.mvc.method.annotation.RequestMappingHandlerAdapter.handleInternal(RequestMappingHandlerAdapter.java:793) ~[spring-webmvc-5.2.4.RELEASE.jar:5.2.4.RELEASE]
	at org.springframework.web.servlet.mvc.method.AbstractHandlerMethodAdapter.handle(AbstractHandlerMethodAdapter.java:87) ~[spring-webmvc-5.2.4.RELEASE.jar:5.2.4.RELEASE]
	at org.springframework.web.servlet.DispatcherServlet.doDispatch(DispatcherServlet.java:1040) ~[spring-webmvc-5.2.4.RELEASE.jar:5.2.4.RELEASE]
	at org.springframework.web.servlet.DispatcherServlet.doService(DispatcherServlet.java:943) ~[spring-webmvc-5.2.4.RELEASE.jar:5.2.4.RELEASE]
	at org.springframework.web.servlet.FrameworkServlet.processRequest(FrameworkServlet.java:1006) ~[spring-webmvc-5.2.4.RELEASE.jar:5.2.4.RELEASE]
	at org.springframework.web.servlet.FrameworkServlet.doPost(FrameworkServlet.java:909) ~[spring-webmvc-5.2.4.RELEASE.jar:5.2.4.RELEASE]
	at javax.servlet.http.HttpServlet.service(HttpServlet.java:660) ~[tomcat-embed-core-9.0.31.jar:9.0.31]
	at org.springframework.web.servlet.FrameworkServlet.service(FrameworkServlet.java:883) ~[spring-webmvc-5.2.4.RELEASE.jar:5.2.4.RELEASE]
	at javax.servlet.http.HttpServlet.service(HttpServlet.java:741) ~[tomcat-embed-core-9.0.31.jar:9.0.31]
	at org.apache.catalina.core.ApplicationFilterChain.internalDoFilter(ApplicationFilterChain.java:231) ~[tomcat-embed-core-9.0.31.jar:9.0.31]
	at org.apache.catalina.core.ApplicationFilterChain.doFilter(ApplicationFilterChain.java:166) ~[tomcat-embed-core-9.0.31.jar:9.0.31]
	at org.apache.tomcat.websocket.server.WsFilter.doFilter(WsFilter.java:53) ~[tomcat-embed-websocket-9.0.31.jar:9.0.31]
	at org.apache.catalina.core.ApplicationFilterChain.internalDoFilter(ApplicationFilterChain.java:193) ~[tomcat-embed-core-9.0.31.jar:9.0.31]
	at org.apache.catalina.core.ApplicationFilterChain.doFilter(ApplicationFilterChain.java:166) ~[tomcat-embed-core-9.0.31.jar:9.0.31]
	at org.springframework.web.filter.RequestContextFilter.doFilterInternal(RequestContextFilter.java:100) ~[spring-web-5.2.4.RELEASE.jar:5.2.4.RELEASE]
	at org.springframework.web.filter.OncePerRequestFilter.doFilter(OncePerRequestFilter.java:119) ~[spring-web-5.2.4.RELEASE.jar:5.2.4.RELEASE]
	at org.apache.catalina.core.ApplicationFilterChain.internalDoFilter(ApplicationFilterChain.java:193) ~[tomcat-embed-core-9.0.31.jar:9.0.31]
	at org.apache.catalina.core.ApplicationFilterChain.doFilter(ApplicationFilterChain.java:166) ~[tomcat-embed-core-9.0.31.jar:9.0.31]
	at org.springframework.web.filter.FormContentFilter.doFilterInternal(FormContentFilter.java:93) ~[spring-web-5.2.4.RELEASE.jar:5.2.4.RELEASE]
	at org.springframework.web.filter.OncePerRequestFilter.doFilter(OncePerRequestFilter.java:119) ~[spring-web-5.2.4.RELEASE.jar:5.2.4.RELEASE]
	at org.apache.catalina.core.ApplicationFilterChain.internalDoFilter(ApplicationFilterChain.java:193) ~[tomcat-embed-core-9.0.31.jar:9.0.31]
	at org.apache.catalina.core.ApplicationFilterChain.doFilter(ApplicationFilterChain.java:166) ~[tomcat-embed-core-9.0.31.jar:9.0.31]
	at org.springframework.web.filter.CharacterEncodingFilter.doFilterInternal(CharacterEncodingFilter.java:201) ~[spring-web-5.2.4.RELEASE.jar:5.2.4.RELEASE]
	at org.springframework.web.filter.OncePerRequestFilter.doFilter(OncePerRequestFilter.java:119) ~[spring-web-5.2.4.RELEASE.jar:5.2.4.RELEASE]
	at org.apache.catalina.core.ApplicationFilterChain.internalDoFilter(ApplicationFilterChain.java:193) ~[tomcat-embed-core-9.0.31.jar:9.0.31]
	at org.apache.catalina.core.ApplicationFilterChain.doFilter(ApplicationFilterChain.java:166) ~[tomcat-embed-core-9.0.31.jar:9.0.31]
	at org.apache.catalina.core.StandardWrapperValve.invoke(StandardWrapperValve.java:202) ~[tomcat-embed-core-9.0.31.jar:9.0.31]
	at org.apache.catalina.core.StandardContextValve.invoke(StandardContextValve.java:96) [tomcat-embed-core-9.0.31.jar:9.0.31]
	at org.apache.catalina.authenticator.AuthenticatorBase.invoke(AuthenticatorBase.java:541) [tomcat-embed-core-9.0.31.jar:9.0.31]
	at org.apache.catalina.core.StandardHostValve.invoke(StandardHostValve.java:139) [tomcat-embed-core-9.0.31.jar:9.0.31]
	at org.apache.catalina.valves.ErrorReportValve.invoke(ErrorReportValve.java:92) [tomcat-embed-core-9.0.31.jar:9.0.31]
	at org.apache.catalina.core.StandardEngineValve.invoke(StandardEngineValve.java:74) [tomcat-embed-core-9.0.31.jar:9.0.31]
	at org.apache.catalina.connector.CoyoteAdapter.service(CoyoteAdapter.java:343) [tomcat-embed-core-9.0.31.jar:9.0.31]
	at org.apache.coyote.http11.Http11Processor.service(Http11Processor.java:367) [tomcat-embed-core-9.0.31.jar:9.0.31]
	at org.apache.coyote.AbstractProcessorLight.process(AbstractProcessorLight.java:65) [tomcat-embed-core-9.0.31.jar:9.0.31]
	at org.apache.coyote.AbstractProtocol$ConnectionHandler.process(AbstractProtocol.java:868) [tomcat-embed-core-9.0.31.jar:9.0.31]
	at org.apache.tomcat.util.net.NioEndpoint$SocketProcessor.doRun(NioEndpoint.java:1639) [tomcat-embed-core-9.0.31.jar:9.0.31]
	at org.apache.tomcat.util.net.SocketProcessorBase.run(SocketProcessorBase.java:49) [tomcat-embed-core-9.0.31.jar:9.0.31]
	at java.util.concurrent.ThreadPoolExecutor.runWorker(Unknown Source) [na:1.8.0_241]
	at java.util.concurrent.ThreadPoolExecutor$Worker.run(Unknown Source) [na:1.8.0_241]
	at org.apache.tomcat.util.threads.TaskThread$WrappingRunnable.run(TaskThread.java:61) [tomcat-embed-core-9.0.31.jar:9.0.31]
	at java.lang.Thread.run(Unknown Source) [na:1.8.0_241]

2020-03-15 13:28:30.697  WARN 22676 --- [HikariPool-1 housekeeper] com.zaxxer.hikari.pool.HikariPool        : HikariPool-1 - Thread starvation or clock leap detected (housekeeper delta=5m7s508ms476s200ns).
2020-03-15 13:28:30.700  INFO 22676 --- [http-nio-9009-exec-7] com.rush.controller.ProductController    : Retrieve Produ0ct list
2020-03-15 13:28:30.772  WARN 22676 --- [http-nio-9009-exec-7] com.zaxxer.hikari.pool.PoolBase          : HikariPool-1 - Failed to validate connection org.postgresql.jdbc.PgConnection@3f4d8a6b (This connection has been closed.). Possibly consider using a shorter maxLifetime value.
2020-03-15 13:28:30.824  WARN 22676 --- [http-nio-9009-exec-7] com.zaxxer.hikari.pool.PoolBase          : HikariPool-1 - Failed to validate connection org.postgresql.jdbc.PgConnection@538c7c2b (This connection has been closed.). Possibly consider using a shorter maxLifetime value.
2020-03-15 13:28:30.876  WARN 22676 --- [http-nio-9009-exec-7] com.zaxxer.hikari.pool.PoolBase          : HikariPool-1 - Failed to validate connection org.postgresql.jdbc.PgConnection@c1bae3 (This connection has been closed.). Possibly consider using a shorter maxLifetime value.
2020-03-15 13:28:30.936  WARN 22676 --- [http-nio-9009-exec-7] com.zaxxer.hikari.pool.PoolBase          : HikariPool-1 - Failed to validate connection org.postgresql.jdbc.PgConnection@5c0070cf (This connection has been closed.). Possibly consider using a shorter maxLifetime value.
2020-03-15 13:28:30.988  WARN 22676 --- [http-nio-9009-exec-7] com.zaxxer.hikari.pool.PoolBase          : HikariPool-1 - Failed to validate connection org.postgresql.jdbc.PgConnection@23a52739 (This connection has been closed.). Possibly consider using a shorter maxLifetime value.
2020-03-15 13:28:31.040  WARN 22676 --- [http-nio-9009-exec-7] com.zaxxer.hikari.pool.PoolBase          : HikariPool-1 - Failed to validate connection org.postgresql.jdbc.PgConnection@13f87a42 (This connection has been closed.). Possibly consider using a shorter maxLifetime value.
2020-03-15 13:28:31.100  WARN 22676 --- [http-nio-9009-exec-7] com.zaxxer.hikari.pool.PoolBase          : HikariPool-1 - Failed to validate connection org.postgresql.jdbc.PgConnection@1ee3dc7c (This connection has been closed.). Possibly consider using a shorter maxLifetime value.
2020-03-15 13:28:31.152  WARN 22676 --- [http-nio-9009-exec-7] com.zaxxer.hikari.pool.PoolBase          : HikariPool-1 - Failed to validate connection org.postgresql.jdbc.PgConnection@41ba4167 (This connection has been closed.). Possibly consider using a shorter maxLifetime value.
2020-03-15 13:28:31.204  WARN 22676 --- [http-nio-9009-exec-7] com.zaxxer.hikari.pool.PoolBase          : HikariPool-1 - Failed to validate connection org.postgresql.jdbc.PgConnection@4bac3a86 (This connection has been closed.). Possibly consider using a shorter maxLifetime value.
2020-03-15 13:28:31.256  WARN 22676 --- [http-nio-9009-exec-7] com.zaxxer.hikari.pool.PoolBase          : HikariPool-1 - Failed to validate connection org.postgresql.jdbc.PgConnection@1bd663db (This connection has been closed.). Possibly consider using a shorter maxLifetime value.
2020-03-15 13:31:07.297  INFO 22676 --- [http-nio-9009-exec-8] com.rush.controller.OrderController      : Saving Order
2020-03-15 13:31:46.583  INFO 22676 --- [http-nio-9009-exec-9] com.rush.controller.OrderController      : Saving Order
2020-03-15 13:31:47.199 ERROR 22676 --- [http-nio-9009-exec-9] o.h.i.ExceptionMapperStandardImpl        : HHH000346: Error during managed flush [org.hibernate.TransientObjectException: object references an unsaved transient instance - save the transient instance before flushing: com.rush.model.OrderItem]
2020-03-15 13:31:47.337  INFO 22676 --- [http-nio-9009-exec-9] o.h.e.j.b.internal.AbstractBatchImpl     : HHH000010: On release of batch it still contained JDBC statements
2020-03-15 13:31:47.340 ERROR 22676 --- [http-nio-9009-exec-9] o.a.c.c.C.[.[.[/].[dispatcherServlet]    : Servlet.service() for servlet [dispatcherServlet] in context with path [] threw exception [Request processing failed; nested exception is org.springframework.dao.InvalidDataAccessApiUsageException: org.hibernate.TransientObjectException: object references an unsaved transient instance - save the transient instance before flushing: com.rush.model.OrderItem; nested exception is java.lang.IllegalStateException: org.hibernate.TransientObjectException: object references an unsaved transient instance - save the transient instance before flushing: com.rush.model.OrderItem] with root cause

org.hibernate.TransientObjectException: object references an unsaved transient instance - save the transient instance before flushing: com.rush.model.OrderItem
	at org.hibernate.engine.internal.ForeignKeys.getEntityIdentifierIfNotUnsaved(ForeignKeys.java:279) ~[hibernate-core-5.2.12.Final.jar:5.2.12.Final]
	at org.hibernate.type.EntityType.getIdentifier(EntityType.java:462) ~[hibernate-core-5.2.12.Final.jar:5.2.12.Final]
	at org.hibernate.type.ManyToOneType.nullSafeSet(ManyToOneType.java:151) ~[hibernate-core-5.2.12.Final.jar:5.2.12.Final]
	at org.hibernate.persister.collection.AbstractCollectionPersister.writeElement(AbstractCollectionPersister.java:903) ~[hibernate-core-5.2.12.Final.jar:5.2.12.Final]
	at org.hibernate.persister.collection.AbstractCollectionPersister.recreate(AbstractCollectionPersister.java:1326) ~[hibernate-core-5.2.12.Final.jar:5.2.12.Final]
	at org.hibernate.persister.collection.OneToManyPersister.recreate(OneToManyPersister.java:186) ~[hibernate-core-5.2.12.Final.jar:5.2.12.Final]
	at org.hibernate.action.internal.CollectionRecreateAction.execute(CollectionRecreateAction.java:50) ~[hibernate-core-5.2.12.Final.jar:5.2.12.Final]
	at org.hibernate.engine.spi.ActionQueue.executeActions(ActionQueue.java:589) ~[hibernate-core-5.2.12.Final.jar:5.2.12.Final]
	at org.hibernate.engine.spi.ActionQueue.executeActions(ActionQueue.java:463) ~[hibernate-core-5.2.12.Final.jar:5.2.12.Final]
	at org.hibernate.event.internal.AbstractFlushingEventListener.performExecutions(AbstractFlushingEventListener.java:337) ~[hibernate-core-5.2.12.Final.jar:5.2.12.Final]
	at org.hibernate.event.internal.DefaultFlushEventListener.onFlush(DefaultFlushEventListener.java:39) ~[hibernate-core-5.2.12.Final.jar:5.2.12.Final]
	at org.hibernate.internal.SessionImpl.doFlush(SessionImpl.java:1437) ~[hibernate-core-5.2.12.Final.jar:5.2.12.Final]
	at org.hibernate.internal.SessionImpl.managedFlush(SessionImpl.java:493) ~[hibernate-core-5.2.12.Final.jar:5.2.12.Final]
	at org.hibernate.internal.SessionImpl.flushBeforeTransactionCompletion(SessionImpl.java:3207) ~[hibernate-core-5.2.12.Final.jar:5.2.12.Final]
	at org.hibernate.internal.SessionImpl.beforeTransactionCompletion(SessionImpl.java:2413) ~[hibernate-core-5.2.12.Final.jar:5.2.12.Final]
	at org.hibernate.engine.jdbc.internal.JdbcCoordinatorImpl.beforeTransactionCompletion(JdbcCoordinatorImpl.java:473) ~[hibernate-core-5.2.12.Final.jar:5.2.12.Final]
	at org.hibernate.resource.transaction.backend.jdbc.internal.JdbcResourceLocalTransactionCoordinatorImpl.beforeCompletionCallback(JdbcResourceLocalTransactionCoordinatorImpl.java:156) ~[hibernate-core-5.2.12.Final.jar:5.2.12.Final]
	at org.hibernate.resource.transaction.backend.jdbc.internal.JdbcResourceLocalTransactionCoordinatorImpl.access$100(JdbcResourceLocalTransactionCoordinatorImpl.java:38) ~[hibernate-core-5.2.12.Final.jar:5.2.12.Final]
	at org.hibernate.resource.transaction.backend.jdbc.internal.JdbcResourceLocalTransactionCoordinatorImpl$TransactionDriverControlImpl.commit(JdbcResourceLocalTransactionCoordinatorImpl.java:231) ~[hibernate-core-5.2.12.Final.jar:5.2.12.Final]
	at org.hibernate.engine.transaction.internal.TransactionImpl.commit(TransactionImpl.java:68) ~[hibernate-core-5.2.12.Final.jar:5.2.12.Final]
	at org.springframework.orm.jpa.JpaTransactionManager.doCommit(JpaTransactionManager.java:534) ~[spring-orm-5.2.4.RELEASE.jar:5.2.4.RELEASE]
	at org.springframework.transaction.support.AbstractPlatformTransactionManager.processCommit(AbstractPlatformTransactionManager.java:743) ~[spring-tx-5.2.4.RELEASE.jar:5.2.4.RELEASE]
	at org.springframework.transaction.support.AbstractPlatformTransactionManager.commit(AbstractPlatformTransactionManager.java:711) ~[spring-tx-5.2.4.RELEASE.jar:5.2.4.RELEASE]
	at org.springframework.transaction.interceptor.TransactionAspectSupport.commitTransactionAfterReturning(TransactionAspectSupport.java:631) ~[spring-tx-5.2.4.RELEASE.jar:5.2.4.RELEASE]
	at org.springframework.transaction.interceptor.TransactionAspectSupport.invokeWithinTransaction(TransactionAspectSupport.java:385) ~[spring-tx-5.2.4.RELEASE.jar:5.2.4.RELEASE]
	at org.springframework.transaction.interceptor.TransactionInterceptor.invoke(TransactionInterceptor.java:99) ~[spring-tx-5.2.4.RELEASE.jar:5.2.4.RELEASE]
	at org.springframework.aop.framework.ReflectiveMethodInvocation.proceed(ReflectiveMethodInvocation.java:186) ~[spring-aop-5.2.4.RELEASE.jar:5.2.4.RELEASE]
	at org.springframework.dao.support.PersistenceExceptionTranslationInterceptor.invoke(PersistenceExceptionTranslationInterceptor.java:139) ~[spring-tx-5.2.4.RELEASE.jar:5.2.4.RELEASE]
	at org.springframework.aop.framework.ReflectiveMethodInvocation.proceed(ReflectiveMethodInvocation.java:186) ~[spring-aop-5.2.4.RELEASE.jar:5.2.4.RELEASE]
	at org.springframework.data.jpa.repository.support.CrudMethodMetadataPostProcessor$CrudMethodMetadataPopulatingMethodInterceptor.invoke(CrudMethodMetadataPostProcessor.java:178) ~[spring-data-jpa-2.2.5.RELEASE.jar:2.2.5.RELEASE]
	at org.springframework.aop.framework.ReflectiveMethodInvocation.proceed(ReflectiveMethodInvocation.java:186) ~[spring-aop-5.2.4.RELEASE.jar:5.2.4.RELEASE]
	at org.springframework.aop.interceptor.ExposeInvocationInterceptor.invoke(ExposeInvocationInterceptor.java:95) ~[spring-aop-5.2.4.RELEASE.jar:5.2.4.RELEASE]
	at org.springframework.aop.framework.ReflectiveMethodInvocation.proceed(ReflectiveMethodInvocation.java:186) ~[spring-aop-5.2.4.RELEASE.jar:5.2.4.RELEASE]
	at org.springframework.aop.framework.JdkDynamicAopProxy.invoke(JdkDynamicAopProxy.java:212) ~[spring-aop-5.2.4.RELEASE.jar:5.2.4.RELEASE]
	at com.sun.proxy.$Proxy106.save(Unknown Source) ~[na:na]
	at com.rush.controller.OrderController.createOrder(OrderController.java:36) ~[classes/:na]
	at sun.reflect.NativeMethodAccessorImpl.invoke0(Native Method) ~[na:1.8.0_241]
	at sun.reflect.NativeMethodAccessorImpl.invoke(Unknown Source) ~[na:1.8.0_241]
	at sun.reflect.DelegatingMethodAccessorImpl.invoke(Unknown Source) ~[na:1.8.0_241]
	at java.lang.reflect.Method.invoke(Unknown Source) ~[na:1.8.0_241]
	at org.springframework.web.method.support.InvocableHandlerMethod.doInvoke(InvocableHandlerMethod.java:190) ~[spring-web-5.2.4.RELEASE.jar:5.2.4.RELEASE]
	at org.springframework.web.method.support.InvocableHandlerMethod.invokeForRequest(InvocableHandlerMethod.java:138) ~[spring-web-5.2.4.RELEASE.jar:5.2.4.RELEASE]
	at org.springframework.web.servlet.mvc.method.annotation.ServletInvocableHandlerMethod.invokeAndHandle(ServletInvocableHandlerMethod.java:106) ~[spring-webmvc-5.2.4.RELEASE.jar:5.2.4.RELEASE]
	at org.springframework.web.servlet.mvc.method.annotation.RequestMappingHandlerAdapter.invokeHandlerMethod(RequestMappingHandlerAdapter.java:879) ~[spring-webmvc-5.2.4.RELEASE.jar:5.2.4.RELEASE]
	at org.springframework.web.servlet.mvc.method.annotation.RequestMappingHandlerAdapter.handleInternal(RequestMappingHandlerAdapter.java:793) ~[spring-webmvc-5.2.4.RELEASE.jar:5.2.4.RELEASE]
	at org.springframework.web.servlet.mvc.method.AbstractHandlerMethodAdapter.handle(AbstractHandlerMethodAdapter.java:87) ~[spring-webmvc-5.2.4.RELEASE.jar:5.2.4.RELEASE]
	at org.springframework.web.servlet.DispatcherServlet.doDispatch(DispatcherServlet.java:1040) ~[spring-webmvc-5.2.4.RELEASE.jar:5.2.4.RELEASE]
	at org.springframework.web.servlet.DispatcherServlet.doService(DispatcherServlet.java:943) ~[spring-webmvc-5.2.4.RELEASE.jar:5.2.4.RELEASE]
	at org.springframework.web.servlet.FrameworkServlet.processRequest(FrameworkServlet.java:1006) ~[spring-webmvc-5.2.4.RELEASE.jar:5.2.4.RELEASE]
	at org.springframework.web.servlet.FrameworkServlet.doPost(FrameworkServlet.java:909) ~[spring-webmvc-5.2.4.RELEASE.jar:5.2.4.RELEASE]
	at javax.servlet.http.HttpServlet.service(HttpServlet.java:660) ~[tomcat-embed-core-9.0.31.jar:9.0.31]
	at org.springframework.web.servlet.FrameworkServlet.service(FrameworkServlet.java:883) ~[spring-webmvc-5.2.4.RELEASE.jar:5.2.4.RELEASE]
	at javax.servlet.http.HttpServlet.service(HttpServlet.java:741) ~[tomcat-embed-core-9.0.31.jar:9.0.31]
	at org.apache.catalina.core.ApplicationFilterChain.internalDoFilter(ApplicationFilterChain.java:231) ~[tomcat-embed-core-9.0.31.jar:9.0.31]
	at org.apache.catalina.core.ApplicationFilterChain.doFilter(ApplicationFilterChain.java:166) ~[tomcat-embed-core-9.0.31.jar:9.0.31]
	at org.apache.tomcat.websocket.server.WsFilter.doFilter(WsFilter.java:53) ~[tomcat-embed-websocket-9.0.31.jar:9.0.31]
	at org.apache.catalina.core.ApplicationFilterChain.internalDoFilter(ApplicationFilterChain.java:193) ~[tomcat-embed-core-9.0.31.jar:9.0.31]
	at org.apache.catalina.core.ApplicationFilterChain.doFilter(ApplicationFilterChain.java:166) ~[tomcat-embed-core-9.0.31.jar:9.0.31]
	at org.springframework.web.filter.RequestContextFilter.doFilterInternal(RequestContextFilter.java:100) ~[spring-web-5.2.4.RELEASE.jar:5.2.4.RELEASE]
	at org.springframework.web.filter.OncePerRequestFilter.doFilter(OncePerRequestFilter.java:119) ~[spring-web-5.2.4.RELEASE.jar:5.2.4.RELEASE]
	at org.apache.catalina.core.ApplicationFilterChain.internalDoFilter(ApplicationFilterChain.java:193) ~[tomcat-embed-core-9.0.31.jar:9.0.31]
	at org.apache.catalina.core.ApplicationFilterChain.doFilter(ApplicationFilterChain.java:166) ~[tomcat-embed-core-9.0.31.jar:9.0.31]
	at org.springframework.web.filter.FormContentFilter.doFilterInternal(FormContentFilter.java:93) ~[spring-web-5.2.4.RELEASE.jar:5.2.4.RELEASE]
	at org.springframework.web.filter.OncePerRequestFilter.doFilter(OncePerRequestFilter.java:119) ~[spring-web-5.2.4.RELEASE.jar:5.2.4.RELEASE]
	at org.apache.catalina.core.ApplicationFilterChain.internalDoFilter(ApplicationFilterChain.java:193) ~[tomcat-embed-core-9.0.31.jar:9.0.31]
	at org.apache.catalina.core.ApplicationFilterChain.doFilter(ApplicationFilterChain.java:166) ~[tomcat-embed-core-9.0.31.jar:9.0.31]
	at org.springframework.web.filter.CharacterEncodingFilter.doFilterInternal(CharacterEncodingFilter.java:201) ~[spring-web-5.2.4.RELEASE.jar:5.2.4.RELEASE]
	at org.springframework.web.filter.OncePerRequestFilter.doFilter(OncePerRequestFilter.java:119) ~[spring-web-5.2.4.RELEASE.jar:5.2.4.RELEASE]
	at org.apache.catalina.core.ApplicationFilterChain.internalDoFilter(ApplicationFilterChain.java:193) ~[tomcat-embed-core-9.0.31.jar:9.0.31]
	at org.apache.catalina.core.ApplicationFilterChain.doFilter(ApplicationFilterChain.java:166) ~[tomcat-embed-core-9.0.31.jar:9.0.31]
	at org.apache.catalina.core.StandardWrapperValve.invoke(StandardWrapperValve.java:202) ~[tomcat-embed-core-9.0.31.jar:9.0.31]
	at org.apache.catalina.core.StandardContextValve.invoke(StandardContextValve.java:96) [tomcat-embed-core-9.0.31.jar:9.0.31]
	at org.apache.catalina.authenticator.AuthenticatorBase.invoke(AuthenticatorBase.java:541) [tomcat-embed-core-9.0.31.jar:9.0.31]
	at org.apache.catalina.core.StandardHostValve.invoke(StandardHostValve.java:139) [tomcat-embed-core-9.0.31.jar:9.0.31]
	at org.apache.catalina.valves.ErrorReportValve.invoke(ErrorReportValve.java:92) [tomcat-embed-core-9.0.31.jar:9.0.31]
	at org.apache.catalina.core.StandardEngineValve.invoke(StandardEngineValve.java:74) [tomcat-embed-core-9.0.31.jar:9.0.31]
	at org.apache.catalina.connector.CoyoteAdapter.service(CoyoteAdapter.java:343) [tomcat-embed-core-9.0.31.jar:9.0.31]
	at org.apache.coyote.http11.Http11Processor.service(Http11Processor.java:367) [tomcat-embed-core-9.0.31.jar:9.0.31]
	at org.apache.coyote.AbstractProcessorLight.process(AbstractProcessorLight.java:65) [tomcat-embed-core-9.0.31.jar:9.0.31]
	at org.apache.coyote.AbstractProtocol$ConnectionHandler.process(AbstractProtocol.java:868) [tomcat-embed-core-9.0.31.jar:9.0.31]
	at org.apache.tomcat.util.net.NioEndpoint$SocketProcessor.doRun(NioEndpoint.java:1639) [tomcat-embed-core-9.0.31.jar:9.0.31]
	at org.apache.tomcat.util.net.SocketProcessorBase.run(SocketProcessorBase.java:49) [tomcat-embed-core-9.0.31.jar:9.0.31]
	at java.util.concurrent.ThreadPoolExecutor.runWorker(Unknown Source) [na:1.8.0_241]
	at java.util.concurrent.ThreadPoolExecutor$Worker.run(Unknown Source) [na:1.8.0_241]
	at org.apache.tomcat.util.threads.TaskThread$WrappingRunnable.run(TaskThread.java:61) [tomcat-embed-core-9.0.31.jar:9.0.31]
	at java.lang.Thread.run(Unknown Source) [na:1.8.0_241]

